INFO - 2023-02-01 00:00:09 --> Session: Class initialized using 'CodeIgniter\Session\Handlers\FileHandler' driver.
INFO - 2023-02-01 00:00:13 --> Session: Class initialized using 'CodeIgniter\Session\Handlers\FileHandler' driver.
INFO - 2023-02-01 00:00:21 --> Session: Class initialized using 'CodeIgniter\Session\Handlers\FileHandler' driver.
INFO - 2023-02-01 00:00:24 --> Session: Class initialized using 'CodeIgniter\Session\Handlers\FileHandler' driver.
INFO - 2023-02-01 00:00:28 --> Session: Class initialized using 'CodeIgniter\Session\Handlers\FileHandler' driver.
INFO - 2023-02-01 00:00:32 --> Session: Class initialized using 'CodeIgniter\Session\Handlers\FileHandler' driver.
INFO - 2023-02-01 00:01:20 --> Session: Class initialized using 'CodeIgniter\Session\Handlers\FileHandler' driver.
INFO - 2023-02-01 00:09:05 --> Session: Class initialized using 'CodeIgniter\Session\Handlers\FileHandler' driver.
INFO - 2023-02-01 00:09:06 --> Session: Class initialized using 'CodeIgniter\Session\Handlers\FileHandler' driver.
CRITICAL - 2023-02-01 00:20:37 --> Call to a member function move() on null
in APPPATH/Controllers/Profil.php on line 98.
 1 SYSTEMPATH/CodeIgniter.php(934): App\Controllers\Profil->proses_profil()
 2 SYSTEMPATH/CodeIgniter.php(499): CodeIgniter\CodeIgniter->runController()
 3 SYSTEMPATH/CodeIgniter.php(368): CodeIgniter\CodeIgniter->handleRequest()
 4 FCPATH/index.php(67): CodeIgniter\CodeIgniter->run()
 5 SYSTEMPATH/Commands/Server/rewrite.php(47): require_once('FCPATH/index.php')
INFO - 2023-02-01 00:22:44 --> Session: Class initialized using 'CodeIgniter\Session\Handlers\FileHandler' driver.
INFO - 2023-02-01 00:22:44 --> Session: Class initialized using 'CodeIgniter\Session\Handlers\FileHandler' driver.
CRITICAL - 2023-02-01 00:22:44 --> Undefined array key "slide1"
in APPPATH/Views/layout_admin/profil/v_profil.php on line 53.
 1 APPPATH/Views/layout_admin/profil/v_profil.php(53): CodeIgniter\Debug\Exceptions->errorHandler()
 2 SYSTEMPATH/View/View.php(213): include('APPPATH/Views/layout_admin/profil/v_profil.php')
 3 SYSTEMPATH/View/View.php(216): CodeIgniter\View\View->CodeIgniter\View\{closure}()
 4 SYSTEMPATH/Common.php(1177): CodeIgniter\View\View->render()
 5 APPPATH/Views/layout_admin/content.php(4): view()
 6 SYSTEMPATH/View/View.php(213): include('APPPATH/Views/layout_admin/content.php')
 7 SYSTEMPATH/View/View.php(216): CodeIgniter\View\View->CodeIgniter\View\{closure}()
 8 SYSTEMPATH/Common.php(1177): CodeIgniter\View\View->render()
 9 APPPATH/Views/layout_admin/wrapper.php(4): view()
10 SYSTEMPATH/View/View.php(213): include('APPPATH/Views/layout_admin/wrapper.php')
11 SYSTEMPATH/View/View.php(216): CodeIgniter\View\View->CodeIgniter\View\{closure}()
12 SYSTEMPATH/Common.php(1177): CodeIgniter\View\View->render()
13 APPPATH/Controllers/Profil.php(24): view()
14 SYSTEMPATH/CodeIgniter.php(934): App\Controllers\Profil->profil()
15 SYSTEMPATH/CodeIgniter.php(499): CodeIgniter\CodeIgniter->runController()
16 SYSTEMPATH/CodeIgniter.php(368): CodeIgniter\CodeIgniter->handleRequest()
17 FCPATH/index.php(67): CodeIgniter\CodeIgniter->run()
18 SYSTEMPATH/Commands/Server/rewrite.php(47): require_once('FCPATH/index.php')
INFO - 2023-02-01 00:23:05 --> Session: Class initialized using 'CodeIgniter\Session\Handlers\FileHandler' driver.
INFO - 2023-02-01 00:30:48 --> Session: Class initialized using 'CodeIgniter\Session\Handlers\FileHandler' driver.
INFO - 2023-02-01 00:31:39 --> Session: Class initialized using 'CodeIgniter\Session\Handlers\FileHandler' driver.
INFO - 2023-02-01 00:31:39 --> Session: Class initialized using 'CodeIgniter\Session\Handlers\FileHandler' driver.
INFO - 2023-02-01 00:39:42 --> Session: Class initialized using 'CodeIgniter\Session\Handlers\FileHandler' driver.
INFO - 2023-02-01 00:39:57 --> Session: Class initialized using 'CodeIgniter\Session\Handlers\FileHandler' driver.
CRITICAL - 2023-02-01 00:40:01 --> Undefined array key "id_produk"
in APPPATH/Views/layout_admin/profil/detail_profil.php on line 93.
 1 APPPATH/Views/layout_admin/profil/detail_profil.php(93): CodeIgniter\Debug\Exceptions->errorHandler()
 2 SYSTEMPATH/View/View.php(213): include('APPPATH/Views/layout_admin/profil/detail_profil.php')
 3 SYSTEMPATH/View/View.php(216): CodeIgniter\View\View->CodeIgniter\View\{closure}()
 4 SYSTEMPATH/Common.php(1177): CodeIgniter\View\View->render()
 5 APPPATH/Views/layout_admin/content.php(4): view()
 6 SYSTEMPATH/View/View.php(213): include('APPPATH/Views/layout_admin/content.php')
 7 SYSTEMPATH/View/View.php(216): CodeIgniter\View\View->CodeIgniter\View\{closure}()
 8 SYSTEMPATH/Common.php(1177): CodeIgniter\View\View->render()
 9 APPPATH/Views/layout_admin/wrapper.php(4): view()
10 SYSTEMPATH/View/View.php(213): include('APPPATH/Views/layout_admin/wrapper.php')
11 SYSTEMPATH/View/View.php(216): CodeIgniter\View\View->CodeIgniter\View\{closure}()
12 SYSTEMPATH/Common.php(1177): CodeIgniter\View\View->render()
13 APPPATH/Controllers/Profil.php(124): view()
14 SYSTEMPATH/CodeIgniter.php(934): App\Controllers\Profil->edit_profil()
15 SYSTEMPATH/CodeIgniter.php(499): CodeIgniter\CodeIgniter->runController()
16 SYSTEMPATH/CodeIgniter.php(368): CodeIgniter\CodeIgniter->handleRequest()
17 FCPATH/index.php(67): CodeIgniter\CodeIgniter->run()
18 SYSTEMPATH/Commands/Server/rewrite.php(47): require_once('FCPATH/index.php')
INFO - 2023-02-01 00:57:08 --> Session: Class initialized using 'CodeIgniter\Session\Handlers\FileHandler' driver.
CRITICAL - 2023-02-01 00:57:12 --> Undefined array key "id_produk"
in APPPATH/Views/layout_admin/profil/detail_profil.php on line 93.
 1 APPPATH/Views/layout_admin/profil/detail_profil.php(93): CodeIgniter\Debug\Exceptions->errorHandler()
 2 SYSTEMPATH/View/View.php(213): include('APPPATH/Views/layout_admin/profil/detail_profil.php')
 3 SYSTEMPATH/View/View.php(216): CodeIgniter\View\View->CodeIgniter\View\{closure}()
 4 SYSTEMPATH/Common.php(1177): CodeIgniter\View\View->render()
 5 APPPATH/Views/layout_admin/content.php(4): view()
 6 SYSTEMPATH/View/View.php(213): include('APPPATH/Views/layout_admin/content.php')
 7 SYSTEMPATH/View/View.php(216): CodeIgniter\View\View->CodeIgniter\View\{closure}()
 8 SYSTEMPATH/Common.php(1177): CodeIgniter\View\View->render()
 9 APPPATH/Views/layout_admin/wrapper.php(4): view()
10 SYSTEMPATH/View/View.php(213): include('APPPATH/Views/layout_admin/wrapper.php')
11 SYSTEMPATH/View/View.php(216): CodeIgniter\View\View->CodeIgniter\View\{closure}()
12 SYSTEMPATH/Common.php(1177): CodeIgniter\View\View->render()
13 APPPATH/Controllers/Profil.php(124): view()
14 SYSTEMPATH/CodeIgniter.php(934): App\Controllers\Profil->edit_profil()
15 SYSTEMPATH/CodeIgniter.php(499): CodeIgniter\CodeIgniter->runController()
16 SYSTEMPATH/CodeIgniter.php(368): CodeIgniter\CodeIgniter->handleRequest()
17 FCPATH/index.php(67): CodeIgniter\CodeIgniter->run()
18 SYSTEMPATH/Commands/Server/rewrite.php(47): require_once('FCPATH/index.php')
INFO - 2023-02-01 00:58:25 --> Session: Class initialized using 'CodeIgniter\Session\Handlers\FileHandler' driver.
INFO - 2023-02-01 00:59:30 --> Session: Class initialized using 'CodeIgniter\Session\Handlers\FileHandler' driver.
INFO - 2023-02-01 01:00:40 --> Session: Class initialized using 'CodeIgniter\Session\Handlers\FileHandler' driver.
INFO - 2023-02-01 01:01:07 --> Session: Class initialized using 'CodeIgniter\Session\Handlers\FileHandler' driver.
INFO - 2023-02-01 01:01:14 --> Session: Class initialized using 'CodeIgniter\Session\Handlers\FileHandler' driver.
INFO - 2023-02-01 01:26:10 --> Session: Class initialized using 'CodeIgniter\Session\Handlers\FileHandler' driver.
INFO - 2023-02-01 01:26:15 --> Session: Class initialized using 'CodeIgniter\Session\Handlers\FileHandler' driver.
INFO - 2023-02-01 01:29:38 --> Session: Class initialized using 'CodeIgniter\Session\Handlers\FileHandler' driver.
CRITICAL - 2023-02-01 01:29:42 --> Invalid file: "layout_admin/Kegiatan/add_Kegiatan.php"
in SYSTEMPATH/Exceptions/FrameworkException.php on line 33.
 1 SYSTEMPATH/View/View.php(201): CodeIgniter\Exceptions\FrameworkException::forInvalidFile()
 2 SYSTEMPATH/Common.php(1177): CodeIgniter\View\View->render()
 3 APPPATH/Views/layout_admin/content.php(4): view()
 4 SYSTEMPATH/View/View.php(213): include('APPPATH/Views/layout_admin/content.php')
 5 SYSTEMPATH/View/View.php(216): CodeIgniter\View\View->CodeIgniter\View\{closure}()
 6 SYSTEMPATH/Common.php(1177): CodeIgniter\View\View->render()
 7 APPPATH/Views/layout_admin/wrapper.php(4): view()
 8 SYSTEMPATH/View/View.php(213): include('APPPATH/Views/layout_admin/wrapper.php')
 9 SYSTEMPATH/View/View.php(216): CodeIgniter\View\View->CodeIgniter\View\{closure}()
10 SYSTEMPATH/Common.php(1177): CodeIgniter\View\View->render()
11 APPPATH/Controllers/Kegiatan.php(34): view()
12 SYSTEMPATH/CodeIgniter.php(934): App\Controllers\Kegiatan->add_kegiatan()
13 SYSTEMPATH/CodeIgniter.php(499): CodeIgniter\CodeIgniter->runController()
14 SYSTEMPATH/CodeIgniter.php(368): CodeIgniter\CodeIgniter->handleRequest()
15 FCPATH/index.php(67): CodeIgniter\CodeIgniter->run()
16 SYSTEMPATH/Commands/Server/rewrite.php(47): require_once('FCPATH/index.php')
INFO - 2023-02-01 01:53:45 --> Session: Class initialized using 'CodeIgniter\Session\Handlers\FileHandler' driver.
CRITICAL - 2023-02-01 01:53:52 --> Invalid file: "layout_admin/Kegiatan/add_Kegiatan.php"
in SYSTEMPATH/Exceptions/FrameworkException.php on line 33.
 1 SYSTEMPATH/View/View.php(201): CodeIgniter\Exceptions\FrameworkException::forInvalidFile()
 2 SYSTEMPATH/Common.php(1177): CodeIgniter\View\View->render()
 3 APPPATH/Views/layout_admin/content.php(4): view()
 4 SYSTEMPATH/View/View.php(213): include('APPPATH/Views/layout_admin/content.php')
 5 SYSTEMPATH/View/View.php(216): CodeIgniter\View\View->CodeIgniter\View\{closure}()
 6 SYSTEMPATH/Common.php(1177): CodeIgniter\View\View->render()
 7 APPPATH/Views/layout_admin/wrapper.php(4): view()
 8 SYSTEMPATH/View/View.php(213): include('APPPATH/Views/layout_admin/wrapper.php')
 9 SYSTEMPATH/View/View.php(216): CodeIgniter\View\View->CodeIgniter\View\{closure}()
10 SYSTEMPATH/Common.php(1177): CodeIgniter\View\View->render()
11 APPPATH/Controllers/Kegiatan.php(34): view()
12 SYSTEMPATH/CodeIgniter.php(934): App\Controllers\Kegiatan->add_kegiatan()
13 SYSTEMPATH/CodeIgniter.php(499): CodeIgniter\CodeIgniter->runController()
14 SYSTEMPATH/CodeIgniter.php(368): CodeIgniter\CodeIgniter->handleRequest()
15 FCPATH/index.php(67): CodeIgniter\CodeIgniter->run()
16 SYSTEMPATH/Commands/Server/rewrite.php(47): require_once('FCPATH/index.php')
INFO - 2023-02-01 01:54:10 --> Session: Class initialized using 'CodeIgniter\Session\Handlers\FileHandler' driver.
INFO - 2023-02-01 01:54:12 --> Session: Class initialized using 'CodeIgniter\Session\Handlers\FileHandler' driver.
CRITICAL - 2023-02-01 01:54:15 --> Invalid file: "layout_admin/Kegiatan/add_Kegiatan.php"
in SYSTEMPATH/Exceptions/FrameworkException.php on line 33.
 1 SYSTEMPATH/View/View.php(201): CodeIgniter\Exceptions\FrameworkException::forInvalidFile()
 2 SYSTEMPATH/Common.php(1177): CodeIgniter\View\View->render()
 3 APPPATH/Views/layout_admin/content.php(4): view()
 4 SYSTEMPATH/View/View.php(213): include('APPPATH/Views/layout_admin/content.php')
 5 SYSTEMPATH/View/View.php(216): CodeIgniter\View\View->CodeIgniter\View\{closure}()
 6 SYSTEMPATH/Common.php(1177): CodeIgniter\View\View->render()
 7 APPPATH/Views/layout_admin/wrapper.php(4): view()
 8 SYSTEMPATH/View/View.php(213): include('APPPATH/Views/layout_admin/wrapper.php')
 9 SYSTEMPATH/View/View.php(216): CodeIgniter\View\View->CodeIgniter\View\{closure}()
10 SYSTEMPATH/Common.php(1177): CodeIgniter\View\View->render()
11 APPPATH/Controllers/Kegiatan.php(34): view()
12 SYSTEMPATH/CodeIgniter.php(934): App\Controllers\Kegiatan->add_kegiatan()
13 SYSTEMPATH/CodeIgniter.php(499): CodeIgniter\CodeIgniter->runController()
14 SYSTEMPATH/CodeIgniter.php(368): CodeIgniter\CodeIgniter->handleRequest()
15 FCPATH/index.php(67): CodeIgniter\CodeIgniter->run()
16 SYSTEMPATH/Commands/Server/rewrite.php(47): require_once('FCPATH/index.php')
CRITICAL - 2023-02-01 01:54:42 --> Invalid file: "layout_admin/kegiatan/add_Kegiatan.php"
in SYSTEMPATH/Exceptions/FrameworkException.php on line 33.
 1 SYSTEMPATH/View/View.php(201): CodeIgniter\Exceptions\FrameworkException::forInvalidFile()
 2 SYSTEMPATH/Common.php(1177): CodeIgniter\View\View->render()
 3 APPPATH/Views/layout_admin/content.php(4): view()
 4 SYSTEMPATH/View/View.php(213): include('APPPATH/Views/layout_admin/content.php')
 5 SYSTEMPATH/View/View.php(216): CodeIgniter\View\View->CodeIgniter\View\{closure}()
 6 SYSTEMPATH/Common.php(1177): CodeIgniter\View\View->render()
 7 APPPATH/Views/layout_admin/wrapper.php(4): view()
 8 SYSTEMPATH/View/View.php(213): include('APPPATH/Views/layout_admin/wrapper.php')
 9 SYSTEMPATH/View/View.php(216): CodeIgniter\View\View->CodeIgniter\View\{closure}()
10 SYSTEMPATH/Common.php(1177): CodeIgniter\View\View->render()
11 APPPATH/Controllers/Kegiatan.php(34): view()
12 SYSTEMPATH/CodeIgniter.php(934): App\Controllers\Kegiatan->add_kegiatan()
13 SYSTEMPATH/CodeIgniter.php(499): CodeIgniter\CodeIgniter->runController()
14 SYSTEMPATH/CodeIgniter.php(368): CodeIgniter\CodeIgniter->handleRequest()
15 FCPATH/index.php(67): CodeIgniter\CodeIgniter->run()
16 SYSTEMPATH/Commands/Server/rewrite.php(47): require_once('FCPATH/index.php')
INFO - 2023-02-01 01:54:44 --> Session: Class initialized using 'CodeIgniter\Session\Handlers\FileHandler' driver.
INFO - 2023-02-01 01:54:46 --> Session: Class initialized using 'CodeIgniter\Session\Handlers\FileHandler' driver.
CRITICAL - 2023-02-01 01:54:47 --> Invalid file: "layout_admin/kegiatan/add_Kegiatan.php"
in SYSTEMPATH/Exceptions/FrameworkException.php on line 33.
 1 SYSTEMPATH/View/View.php(201): CodeIgniter\Exceptions\FrameworkException::forInvalidFile()
 2 SYSTEMPATH/Common.php(1177): CodeIgniter\View\View->render()
 3 APPPATH/Views/layout_admin/content.php(4): view()
 4 SYSTEMPATH/View/View.php(213): include('APPPATH/Views/layout_admin/content.php')
 5 SYSTEMPATH/View/View.php(216): CodeIgniter\View\View->CodeIgniter\View\{closure}()
 6 SYSTEMPATH/Common.php(1177): CodeIgniter\View\View->render()
 7 APPPATH/Views/layout_admin/wrapper.php(4): view()
 8 SYSTEMPATH/View/View.php(213): include('APPPATH/Views/layout_admin/wrapper.php')
 9 SYSTEMPATH/View/View.php(216): CodeIgniter\View\View->CodeIgniter\View\{closure}()
10 SYSTEMPATH/Common.php(1177): CodeIgniter\View\View->render()
11 APPPATH/Controllers/Kegiatan.php(34): view()
12 SYSTEMPATH/CodeIgniter.php(934): App\Controllers\Kegiatan->add_kegiatan()
13 SYSTEMPATH/CodeIgniter.php(499): CodeIgniter\CodeIgniter->runController()
14 SYSTEMPATH/CodeIgniter.php(368): CodeIgniter\CodeIgniter->handleRequest()
15 FCPATH/index.php(67): CodeIgniter\CodeIgniter->run()
16 SYSTEMPATH/Commands/Server/rewrite.php(47): require_once('FCPATH/index.php')
CRITICAL - 2023-02-01 01:54:57 --> Invalid file: "layout_admin/kegiatan/add_Kegiatan.php"
in SYSTEMPATH/Exceptions/FrameworkException.php on line 33.
 1 SYSTEMPATH/View/View.php(201): CodeIgniter\Exceptions\FrameworkException::forInvalidFile()
 2 SYSTEMPATH/Common.php(1177): CodeIgniter\View\View->render()
 3 APPPATH/Views/layout_admin/content.php(4): view()
 4 SYSTEMPATH/View/View.php(213): include('APPPATH/Views/layout_admin/content.php')
 5 SYSTEMPATH/View/View.php(216): CodeIgniter\View\View->CodeIgniter\View\{closure}()
 6 SYSTEMPATH/Common.php(1177): CodeIgniter\View\View->render()
 7 APPPATH/Views/layout_admin/wrapper.php(4): view()
 8 SYSTEMPATH/View/View.php(213): include('APPPATH/Views/layout_admin/wrapper.php')
 9 SYSTEMPATH/View/View.php(216): CodeIgniter\View\View->CodeIgniter\View\{closure}()
10 SYSTEMPATH/Common.php(1177): CodeIgniter\View\View->render()
11 APPPATH/Controllers/Kegiatan.php(33): view()
12 SYSTEMPATH/CodeIgniter.php(934): App\Controllers\Kegiatan->add_kegiatan()
13 SYSTEMPATH/CodeIgniter.php(499): CodeIgniter\CodeIgniter->runController()
14 SYSTEMPATH/CodeIgniter.php(368): CodeIgniter\CodeIgniter->handleRequest()
15 FCPATH/index.php(67): CodeIgniter\CodeIgniter->run()
16 SYSTEMPATH/Commands/Server/rewrite.php(47): require_once('FCPATH/index.php')
INFO - 2023-02-01 01:54:59 --> Session: Class initialized using 'CodeIgniter\Session\Handlers\FileHandler' driver.
CRITICAL - 2023-02-01 01:55:01 --> Invalid file: "layout_admin/kegiatan/add_Kegiatan.php"
in SYSTEMPATH/Exceptions/FrameworkException.php on line 33.
 1 SYSTEMPATH/View/View.php(201): CodeIgniter\Exceptions\FrameworkException::forInvalidFile()
 2 SYSTEMPATH/Common.php(1177): CodeIgniter\View\View->render()
 3 APPPATH/Views/layout_admin/content.php(4): view()
 4 SYSTEMPATH/View/View.php(213): include('APPPATH/Views/layout_admin/content.php')
 5 SYSTEMPATH/View/View.php(216): CodeIgniter\View\View->CodeIgniter\View\{closure}()
 6 SYSTEMPATH/Common.php(1177): CodeIgniter\View\View->render()
 7 APPPATH/Views/layout_admin/wrapper.php(4): view()
 8 SYSTEMPATH/View/View.php(213): include('APPPATH/Views/layout_admin/wrapper.php')
 9 SYSTEMPATH/View/View.php(216): CodeIgniter\View\View->CodeIgniter\View\{closure}()
10 SYSTEMPATH/Common.php(1177): CodeIgniter\View\View->render()
11 APPPATH/Controllers/Kegiatan.php(33): view()
12 SYSTEMPATH/CodeIgniter.php(934): App\Controllers\Kegiatan->add_kegiatan()
13 SYSTEMPATH/CodeIgniter.php(499): CodeIgniter\CodeIgniter->runController()
14 SYSTEMPATH/CodeIgniter.php(368): CodeIgniter\CodeIgniter->handleRequest()
15 FCPATH/index.php(67): CodeIgniter\CodeIgniter->run()
16 SYSTEMPATH/Commands/Server/rewrite.php(47): require_once('FCPATH/index.php')
INFO - 2023-02-01 01:57:10 --> Session: Class initialized using 'CodeIgniter\Session\Handlers\FileHandler' driver.
INFO - 2023-02-01 01:57:11 --> Session: Class initialized using 'CodeIgniter\Session\Handlers\FileHandler' driver.
INFO - 2023-02-01 01:59:10 --> Session: Class initialized using 'CodeIgniter\Session\Handlers\FileHandler' driver.
INFO - 2023-02-01 01:59:11 --> Session: Class initialized using 'CodeIgniter\Session\Handlers\FileHandler' driver.
INFO - 2023-02-01 01:59:15 --> Session: Class initialized using 'CodeIgniter\Session\Handlers\FileHandler' driver.
INFO - 2023-02-01 01:59:27 --> Session: Class initialized using 'CodeIgniter\Session\Handlers\FileHandler' driver.
INFO - 2023-02-01 01:59:54 --> Session: Class initialized using 'CodeIgniter\Session\Handlers\FileHandler' driver.
INFO - 2023-02-01 01:59:57 --> Session: Class initialized using 'CodeIgniter\Session\Handlers\FileHandler' driver.
INFO - 2023-02-01 02:00:11 --> Session: Class initialized using 'CodeIgniter\Session\Handlers\FileHandler' driver.
INFO - 2023-02-01 02:00:12 --> Session: Class initialized using 'CodeIgniter\Session\Handlers\FileHandler' driver.
INFO - 2023-02-01 02:00:53 --> Session: Class initialized using 'CodeIgniter\Session\Handlers\FileHandler' driver.
INFO - 2023-02-01 02:00:57 --> Session: Class initialized using 'CodeIgniter\Session\Handlers\FileHandler' driver.
INFO - 2023-02-01 02:01:50 --> Session: Class initialized using 'CodeIgniter\Session\Handlers\FileHandler' driver.
INFO - 2023-02-01 02:01:52 --> Session: Class initialized using 'CodeIgniter\Session\Handlers\FileHandler' driver.
INFO - 2023-02-01 02:02:08 --> Session: Class initialized using 'CodeIgniter\Session\Handlers\FileHandler' driver.
INFO - 2023-02-01 02:02:11 --> Session: Class initialized using 'CodeIgniter\Session\Handlers\FileHandler' driver.
INFO - 2023-02-01 02:02:12 --> Session: Class initialized using 'CodeIgniter\Session\Handlers\FileHandler' driver.
CRITICAL - 2023-02-01 02:10:12 --> Too few arguments to function CodeIgniter\HTTP\IncomingRequest::getFile(), 0 passed in /home/code/Desktop/MULTI TEKNO/Weboleh-oleh/app/Controllers/Kegiatan.php on line 39 and exactly 1 expected
in SYSTEMPATH/HTTP/IncomingRequest.php on line 928.
 1 APPPATH/Controllers/Kegiatan.php(39): CodeIgniter\HTTP\IncomingRequest->getFile()
 2 SYSTEMPATH/CodeIgniter.php(934): App\Controllers\Kegiatan->proses_Kegiatan()
 3 SYSTEMPATH/CodeIgniter.php(499): CodeIgniter\CodeIgniter->runController()
 4 SYSTEMPATH/CodeIgniter.php(368): CodeIgniter\CodeIgniter->handleRequest()
 5 FCPATH/index.php(67): CodeIgniter\CodeIgniter->run()
 6 SYSTEMPATH/Commands/Server/rewrite.php(47): require_once('FCPATH/index.php')
CRITICAL - 2023-02-01 02:10:34 --> Too few arguments to function CodeIgniter\HTTP\IncomingRequest::getFile(), 0 passed in /home/code/Desktop/MULTI TEKNO/Weboleh-oleh/app/Controllers/Kegiatan.php on line 39 and exactly 1 expected
in SYSTEMPATH/HTTP/IncomingRequest.php on line 928.
 1 APPPATH/Controllers/Kegiatan.php(39): CodeIgniter\HTTP\IncomingRequest->getFile()
 2 SYSTEMPATH/CodeIgniter.php(934): App\Controllers\Kegiatan->proses_Kegiatan()
 3 SYSTEMPATH/CodeIgniter.php(499): CodeIgniter\CodeIgniter->runController()
 4 SYSTEMPATH/CodeIgniter.php(368): CodeIgniter\CodeIgniter->handleRequest()
 5 FCPATH/index.php(67): CodeIgniter\CodeIgniter->run()
 6 SYSTEMPATH/Commands/Server/rewrite.php(47): require_once('FCPATH/index.php')
INFO - 2023-02-01 02:19:02 --> Session: Class initialized using 'CodeIgniter\Session\Handlers\FileHandler' driver.
INFO - 2023-02-01 02:19:02 --> Session: Class initialized using 'CodeIgniter\Session\Handlers\FileHandler' driver.
INFO - 2023-02-01 02:27:01 --> Session: Class initialized using 'CodeIgniter\Session\Handlers\FileHandler' driver.
INFO - 2023-02-01 02:27:30 --> Session: Class initialized using 'CodeIgniter\Session\Handlers\FileHandler' driver.
INFO - 2023-02-01 02:27:30 --> Session: Class initialized using 'CodeIgniter\Session\Handlers\FileHandler' driver.
INFO - 2023-02-01 02:31:12 --> Session: Class initialized using 'CodeIgniter\Session\Handlers\FileHandler' driver.
INFO - 2023-02-01 02:31:19 --> Session: Class initialized using 'CodeIgniter\Session\Handlers\FileHandler' driver.
INFO - 2023-02-01 02:33:01 --> Session: Class initialized using 'CodeIgniter\Session\Handlers\FileHandler' driver.
CRITICAL - 2023-02-01 02:33:03 --> Call to undefined method App\Models\KegiatanModel::edit_profil
in SYSTEMPATH/Model.php on line 840.
 1 APPPATH/Controllers/Kegiatan.php(99): CodeIgniter\Model->__call()
 2 SYSTEMPATH/CodeIgniter.php(934): App\Controllers\Kegiatan->detail_kegiatan()
 3 SYSTEMPATH/CodeIgniter.php(499): CodeIgniter\CodeIgniter->runController()
 4 SYSTEMPATH/CodeIgniter.php(368): CodeIgniter\CodeIgniter->handleRequest()
 5 FCPATH/index.php(67): CodeIgniter\CodeIgniter->run()
 6 SYSTEMPATH/Commands/Server/rewrite.php(47): require_once('FCPATH/index.php')
INFO - 2023-02-01 02:33:43 --> Session: Class initialized using 'CodeIgniter\Session\Handlers\FileHandler' driver.
INFO - 2023-02-01 02:33:45 --> Session: Class initialized using 'CodeIgniter\Session\Handlers\FileHandler' driver.
CRITICAL - 2023-02-01 02:33:48 --> Undefined variable $profil_edit
in APPPATH/Views/layout_admin/kegiatan/detail_kegiatan.php on line 16.
 1 APPPATH/Views/layout_admin/kegiatan/detail_kegiatan.php(16): CodeIgniter\Debug\Exceptions->errorHandler()
 2 SYSTEMPATH/View/View.php(213): include('APPPATH/Views/layout_admin/kegiatan/detail_kegiatan.php')
 3 SYSTEMPATH/View/View.php(216): CodeIgniter\View\View->CodeIgniter\View\{closure}()
 4 SYSTEMPATH/Common.php(1177): CodeIgniter\View\View->render()
 5 APPPATH/Views/layout_admin/content.php(4): view()
 6 SYSTEMPATH/View/View.php(213): include('APPPATH/Views/layout_admin/content.php')
 7 SYSTEMPATH/View/View.php(216): CodeIgniter\View\View->CodeIgniter\View\{closure}()
 8 SYSTEMPATH/Common.php(1177): CodeIgniter\View\View->render()
 9 APPPATH/Views/layout_admin/wrapper.php(4): view()
10 SYSTEMPATH/View/View.php(213): include('APPPATH/Views/layout_admin/wrapper.php')
11 SYSTEMPATH/View/View.php(216): CodeIgniter\View\View->CodeIgniter\View\{closure}()
12 SYSTEMPATH/Common.php(1177): CodeIgniter\View\View->render()
13 APPPATH/Controllers/Kegiatan.php(101): view()
14 SYSTEMPATH/CodeIgniter.php(934): App\Controllers\Kegiatan->detail_kegiatan()
15 SYSTEMPATH/CodeIgniter.php(499): CodeIgniter\CodeIgniter->runController()
16 SYSTEMPATH/CodeIgniter.php(368): CodeIgniter\CodeIgniter->handleRequest()
17 FCPATH/index.php(67): CodeIgniter\CodeIgniter->run()
18 SYSTEMPATH/Commands/Server/rewrite.php(47): require_once('FCPATH/index.php')
INFO - 2023-02-01 02:37:00 --> Session: Class initialized using 'CodeIgniter\Session\Handlers\FileHandler' driver.
INFO - 2023-02-01 02:37:01 --> Session: Class initialized using 'CodeIgniter\Session\Handlers\FileHandler' driver.
CRITICAL - 2023-02-01 02:37:04 --> Undefined array key "logo"
in APPPATH/Views/layout_admin/kegiatan/detail_kegiatan.php on line 33.
 1 APPPATH/Views/layout_admin/kegiatan/detail_kegiatan.php(33): CodeIgniter\Debug\Exceptions->errorHandler()
 2 SYSTEMPATH/View/View.php(213): include('APPPATH/Views/layout_admin/kegiatan/detail_kegiatan.php')
 3 SYSTEMPATH/View/View.php(216): CodeIgniter\View\View->CodeIgniter\View\{closure}()
 4 SYSTEMPATH/Common.php(1177): CodeIgniter\View\View->render()
 5 APPPATH/Views/layout_admin/content.php(4): view()
 6 SYSTEMPATH/View/View.php(213): include('APPPATH/Views/layout_admin/content.php')
 7 SYSTEMPATH/View/View.php(216): CodeIgniter\View\View->CodeIgniter\View\{closure}()
 8 SYSTEMPATH/Common.php(1177): CodeIgniter\View\View->render()
 9 APPPATH/Views/layout_admin/wrapper.php(4): view()
10 SYSTEMPATH/View/View.php(213): include('APPPATH/Views/layout_admin/wrapper.php')
11 SYSTEMPATH/View/View.php(216): CodeIgniter\View\View->CodeIgniter\View\{closure}()
12 SYSTEMPATH/Common.php(1177): CodeIgniter\View\View->render()
13 APPPATH/Controllers/Kegiatan.php(101): view()
14 SYSTEMPATH/CodeIgniter.php(934): App\Controllers\Kegiatan->detail_kegiatan()
15 SYSTEMPATH/CodeIgniter.php(499): CodeIgniter\CodeIgniter->runController()
16 SYSTEMPATH/CodeIgniter.php(368): CodeIgniter\CodeIgniter->handleRequest()
17 FCPATH/index.php(67): CodeIgniter\CodeIgniter->run()
18 SYSTEMPATH/Commands/Server/rewrite.php(47): require_once('FCPATH/index.php')
INFO - 2023-02-01 02:37:57 --> Session: Class initialized using 'CodeIgniter\Session\Handlers\FileHandler' driver.
INFO - 2023-02-01 02:38:06 --> Session: Class initialized using 'CodeIgniter\Session\Handlers\FileHandler' driver.
INFO - 2023-02-01 02:38:11 --> Session: Class initialized using 'CodeIgniter\Session\Handlers\FileHandler' driver.
INFO - 2023-02-01 02:40:17 --> Session: Class initialized using 'CodeIgniter\Session\Handlers\FileHandler' driver.
INFO - 2023-02-01 02:40:59 --> Session: Class initialized using 'CodeIgniter\Session\Handlers\FileHandler' driver.
INFO - 2023-02-01 02:41:02 --> Session: Class initialized using 'CodeIgniter\Session\Handlers\FileHandler' driver.
INFO - 2023-02-01 02:41:04 --> Session: Class initialized using 'CodeIgniter\Session\Handlers\FileHandler' driver.
INFO - 2023-02-01 02:41:04 --> Session: Class initialized using 'CodeIgniter\Session\Handlers\FileHandler' driver.
INFO - 2023-02-01 02:43:14 --> Session: Class initialized using 'CodeIgniter\Session\Handlers\FileHandler' driver.
INFO - 2023-02-01 02:43:16 --> Session: Class initialized using 'CodeIgniter\Session\Handlers\FileHandler' driver.
INFO - 2023-02-01 02:43:18 --> Session: Class initialized using 'CodeIgniter\Session\Handlers\FileHandler' driver.
INFO - 2023-02-01 02:43:20 --> Session: Class initialized using 'CodeIgniter\Session\Handlers\FileHandler' driver.
INFO - 2023-02-01 02:43:23 --> Session: Class initialized using 'CodeIgniter\Session\Handlers\FileHandler' driver.
INFO - 2023-02-01 02:44:34 --> Session: Class initialized using 'CodeIgniter\Session\Handlers\FileHandler' driver.
INFO - 2023-02-01 02:44:38 --> Session: Class initialized using 'CodeIgniter\Session\Handlers\FileHandler' driver.
INFO - 2023-02-01 02:44:39 --> Session: Class initialized using 'CodeIgniter\Session\Handlers\FileHandler' driver.
INFO - 2023-02-01 02:44:42 --> Session: Class initialized using 'CodeIgniter\Session\Handlers\FileHandler' driver.
INFO - 2023-02-01 02:44:46 --> Session: Class initialized using 'CodeIgniter\Session\Handlers\FileHandler' driver.
INFO - 2023-02-01 02:44:46 --> Session: Class initialized using 'CodeIgniter\Session\Handlers\FileHandler' driver.
INFO - 2023-02-01 03:00:41 --> Session: Class initialized using 'CodeIgniter\Session\Handlers\FileHandler' driver.
INFO - 2023-02-01 03:01:22 --> Session: Class initialized using 'CodeIgniter\Session\Handlers\FileHandler' driver.
INFO - 2023-02-01 03:01:22 --> Session: Class initialized using 'CodeIgniter\Session\Handlers\FileHandler' driver.
INFO - 2023-02-01 03:01:45 --> Session: Class initialized using 'CodeIgniter\Session\Handlers\FileHandler' driver.
CRITICAL - 2023-02-01 03:01:50 --> Array to string conversion
in APPPATH/Controllers/Kegiatan.php on line 113.
 1 APPPATH/Controllers/Kegiatan.php(113): CodeIgniter\Debug\Exceptions->errorHandler()
 2 SYSTEMPATH/CodeIgniter.php(934): App\Controllers\Kegiatan->delete_kegiatan()
 3 SYSTEMPATH/CodeIgniter.php(499): CodeIgniter\CodeIgniter->runController()
 4 SYSTEMPATH/CodeIgniter.php(368): CodeIgniter\CodeIgniter->handleRequest()
 5 FCPATH/index.php(67): CodeIgniter\CodeIgniter->run()
 6 SYSTEMPATH/Commands/Server/rewrite.php(47): require_once('FCPATH/index.php')
INFO - 2023-02-01 03:06:33 --> Session: Class initialized using 'CodeIgniter\Session\Handlers\FileHandler' driver.
INFO - 2023-02-01 03:06:50 --> Session: Class initialized using 'CodeIgniter\Session\Handlers\FileHandler' driver.
INFO - 2023-02-01 03:09:31 --> Session: Class initialized using 'CodeIgniter\Session\Handlers\FileHandler' driver.
INFO - 2023-02-01 03:09:31 --> Session: Class initialized using 'CodeIgniter\Session\Handlers\FileHandler' driver.
ERROR - 2023-02-01 03:09:35 --> mysqli_sql_exception: Unknown column 'tb_kegiatan.id' in 'where clause' in /home/code/Desktop/MULTI TEKNO/Weboleh-oleh/system/Database/MySQLi/Connection.php:295
Stack trace:
#0 /home/code/Desktop/MULTI TEKNO/Weboleh-oleh/system/Database/MySQLi/Connection.php(295): mysqli->query()
#1 /home/code/Desktop/MULTI TEKNO/Weboleh-oleh/system/Database/BaseConnection.php(691): CodeIgniter\Database\MySQLi\Connection->execute()
#2 /home/code/Desktop/MULTI TEKNO/Weboleh-oleh/system/Database/BaseConnection.php(605): CodeIgniter\Database\BaseConnection->simpleQuery()
#3 /home/code/Desktop/MULTI TEKNO/Weboleh-oleh/system/Database/BaseBuilder.php(1601): CodeIgniter\Database\BaseConnection->query()
#4 /home/code/Desktop/MULTI TEKNO/Weboleh-oleh/system/Model.php(199): CodeIgniter\Database\BaseBuilder->get()
#5 /home/code/Desktop/MULTI TEKNO/Weboleh-oleh/system/BaseModel.php(557): CodeIgniter\Model->doFind()
#6 /home/code/Desktop/MULTI TEKNO/Weboleh-oleh/app/Controllers/Kegiatan.php(110): CodeIgniter\BaseModel->find()
#7 /home/code/Desktop/MULTI TEKNO/Weboleh-oleh/system/CodeIgniter.php(934): App\Controllers\Kegiatan->delete_kegiatan()
#8 /home/code/Desktop/MULTI TEKNO/Weboleh-oleh/system/CodeIgniter.php(499): CodeIgniter\CodeIgniter->runController()
#9 /home/code/Desktop/MULTI TEKNO/Weboleh-oleh/system/CodeIgniter.php(368): CodeIgniter\CodeIgniter->handleRequest()
#10 /home/code/Desktop/MULTI TEKNO/Weboleh-oleh/public/index.php(67): CodeIgniter\CodeIgniter->run()
#11 /home/code/Desktop/MULTI TEKNO/Weboleh-oleh/system/Commands/Server/rewrite.php(47): require_once('...')
#12 {main}
CRITICAL - 2023-02-01 03:09:35 --> Unknown column 'tb_kegiatan.id' in 'where clause'
in SYSTEMPATH/Database/BaseConnection.php on line 645.
 1 SYSTEMPATH/Database/BaseBuilder.php(1601): CodeIgniter\Database\BaseConnection->query()
 2 SYSTEMPATH/Model.php(199): CodeIgniter\Database\BaseBuilder->get()
 3 SYSTEMPATH/BaseModel.php(557): CodeIgniter\Model->doFind()
 4 APPPATH/Controllers/Kegiatan.php(110): CodeIgniter\BaseModel->find()
 5 SYSTEMPATH/CodeIgniter.php(934): App\Controllers\Kegiatan->delete_kegiatan()
 6 SYSTEMPATH/CodeIgniter.php(499): CodeIgniter\CodeIgniter->runController()
 7 SYSTEMPATH/CodeIgniter.php(368): CodeIgniter\CodeIgniter->handleRequest()
 8 FCPATH/index.php(67): CodeIgniter\CodeIgniter->run()
 9 SYSTEMPATH/Commands/Server/rewrite.php(47): require_once('FCPATH/index.php')
ERROR - 2023-02-01 03:10:25 --> mysqli_sql_exception: Unknown column 'tb_kegiatan.id' in 'where clause' in /home/code/Desktop/MULTI TEKNO/Weboleh-oleh/system/Database/MySQLi/Connection.php:295
Stack trace:
#0 /home/code/Desktop/MULTI TEKNO/Weboleh-oleh/system/Database/MySQLi/Connection.php(295): mysqli->query()
#1 /home/code/Desktop/MULTI TEKNO/Weboleh-oleh/system/Database/BaseConnection.php(691): CodeIgniter\Database\MySQLi\Connection->execute()
#2 /home/code/Desktop/MULTI TEKNO/Weboleh-oleh/system/Database/BaseConnection.php(605): CodeIgniter\Database\BaseConnection->simpleQuery()
#3 /home/code/Desktop/MULTI TEKNO/Weboleh-oleh/system/Database/BaseBuilder.php(1601): CodeIgniter\Database\BaseConnection->query()
#4 /home/code/Desktop/MULTI TEKNO/Weboleh-oleh/system/Model.php(199): CodeIgniter\Database\BaseBuilder->get()
#5 /home/code/Desktop/MULTI TEKNO/Weboleh-oleh/system/BaseModel.php(557): CodeIgniter\Model->doFind()
#6 /home/code/Desktop/MULTI TEKNO/Weboleh-oleh/app/Controllers/Kegiatan.php(110): CodeIgniter\BaseModel->find()
#7 /home/code/Desktop/MULTI TEKNO/Weboleh-oleh/system/CodeIgniter.php(934): App\Controllers\Kegiatan->delete_kegiatan()
#8 /home/code/Desktop/MULTI TEKNO/Weboleh-oleh/system/CodeIgniter.php(499): CodeIgniter\CodeIgniter->runController()
#9 /home/code/Desktop/MULTI TEKNO/Weboleh-oleh/system/CodeIgniter.php(368): CodeIgniter\CodeIgniter->handleRequest()
#10 /home/code/Desktop/MULTI TEKNO/Weboleh-oleh/public/index.php(67): CodeIgniter\CodeIgniter->run()
#11 /home/code/Desktop/MULTI TEKNO/Weboleh-oleh/system/Commands/Server/rewrite.php(47): require_once('...')
#12 {main}
CRITICAL - 2023-02-01 03:10:25 --> Unknown column 'tb_kegiatan.id' in 'where clause'
in SYSTEMPATH/Database/BaseConnection.php on line 645.
 1 SYSTEMPATH/Database/BaseBuilder.php(1601): CodeIgniter\Database\BaseConnection->query()
 2 SYSTEMPATH/Model.php(199): CodeIgniter\Database\BaseBuilder->get()
 3 SYSTEMPATH/BaseModel.php(557): CodeIgniter\Model->doFind()
 4 APPPATH/Controllers/Kegiatan.php(110): CodeIgniter\BaseModel->find()
 5 SYSTEMPATH/CodeIgniter.php(934): App\Controllers\Kegiatan->delete_kegiatan()
 6 SYSTEMPATH/CodeIgniter.php(499): CodeIgniter\CodeIgniter->runController()
 7 SYSTEMPATH/CodeIgniter.php(368): CodeIgniter\CodeIgniter->handleRequest()
 8 FCPATH/index.php(67): CodeIgniter\CodeIgniter->run()
 9 SYSTEMPATH/Commands/Server/rewrite.php(47): require_once('FCPATH/index.php')
INFO - 2023-02-01 03:11:40 --> Session: Class initialized using 'CodeIgniter\Session\Handlers\FileHandler' driver.
INFO - 2023-02-01 03:11:42 --> Session: Class initialized using 'CodeIgniter\Session\Handlers\FileHandler' driver.
CRITICAL - 2023-02-01 03:11:50 --> Trying to access array offset on value of type null
in APPPATH/Controllers/Kegiatan.php on line 112.
 1 APPPATH/Controllers/Kegiatan.php(112): CodeIgniter\Debug\Exceptions->errorHandler()
 2 SYSTEMPATH/CodeIgniter.php(934): App\Controllers\Kegiatan->delete_kegiatan()
 3 SYSTEMPATH/CodeIgniter.php(499): CodeIgniter\CodeIgniter->runController()
 4 SYSTEMPATH/CodeIgniter.php(368): CodeIgniter\CodeIgniter->handleRequest()
 5 FCPATH/index.php(67): CodeIgniter\CodeIgniter->run()
 6 SYSTEMPATH/Commands/Server/rewrite.php(47): require_once('FCPATH/index.php')
INFO - 2023-02-01 03:12:43 --> Session: Class initialized using 'CodeIgniter\Session\Handlers\FileHandler' driver.
INFO - 2023-02-01 03:13:35 --> Session: Class initialized using 'CodeIgniter\Session\Handlers\FileHandler' driver.
INFO - 2023-02-01 03:13:35 --> Session: Class initialized using 'CodeIgniter\Session\Handlers\FileHandler' driver.
CRITICAL - 2023-02-01 03:13:38 --> Trying to access array offset on value of type null
in APPPATH/Controllers/Kegiatan.php on line 111.
 1 APPPATH/Controllers/Kegiatan.php(111): CodeIgniter\Debug\Exceptions->errorHandler()
 2 SYSTEMPATH/CodeIgniter.php(934): App\Controllers\Kegiatan->delete_kegiatan()
 3 SYSTEMPATH/CodeIgniter.php(499): CodeIgniter\CodeIgniter->runController()
 4 SYSTEMPATH/CodeIgniter.php(368): CodeIgniter\CodeIgniter->handleRequest()
 5 FCPATH/index.php(67): CodeIgniter\CodeIgniter->run()
 6 SYSTEMPATH/Commands/Server/rewrite.php(47): require_once('FCPATH/index.php')
INFO - 2023-02-01 03:16:24 --> Session: Class initialized using 'CodeIgniter\Session\Handlers\FileHandler' driver.
INFO - 2023-02-01 03:16:33 --> Session: Class initialized using 'CodeIgniter\Session\Handlers\FileHandler' driver.
INFO - 2023-02-01 03:16:55 --> Session: Class initialized using 'CodeIgniter\Session\Handlers\FileHandler' driver.
INFO - 2023-02-01 03:16:56 --> Session: Class initialized using 'CodeIgniter\Session\Handlers\FileHandler' driver.
INFO - 2023-02-01 03:17:16 --> Session: Class initialized using 'CodeIgniter\Session\Handlers\FileHandler' driver.
CRITICAL - 2023-02-01 03:17:19 --> Trying to access array offset on value of type null
in APPPATH/Controllers/Kegiatan.php on line 114.
 1 APPPATH/Controllers/Kegiatan.php(114): CodeIgniter\Debug\Exceptions->errorHandler()
 2 SYSTEMPATH/CodeIgniter.php(934): App\Controllers\Kegiatan->delete_kegiatan()
 3 SYSTEMPATH/CodeIgniter.php(499): CodeIgniter\CodeIgniter->runController()
 4 SYSTEMPATH/CodeIgniter.php(368): CodeIgniter\CodeIgniter->handleRequest()
 5 FCPATH/index.php(67): CodeIgniter\CodeIgniter->run()
 6 SYSTEMPATH/Commands/Server/rewrite.php(47): require_once('FCPATH/index.php')
INFO - 2023-02-01 03:17:41 --> Session: Class initialized using 'CodeIgniter\Session\Handlers\FileHandler' driver.
INFO - 2023-02-01 03:18:04 --> Session: Class initialized using 'CodeIgniter\Session\Handlers\FileHandler' driver.
INFO - 2023-02-01 03:18:04 --> Session: Class initialized using 'CodeIgniter\Session\Handlers\FileHandler' driver.
CRITICAL - 2023-02-01 03:18:16 --> Trying to access array offset on value of type null
in APPPATH/Controllers/Kegiatan.php on line 114.
 1 APPPATH/Controllers/Kegiatan.php(114): CodeIgniter\Debug\Exceptions->errorHandler()
 2 SYSTEMPATH/CodeIgniter.php(934): App\Controllers\Kegiatan->delete_kegiatan()
 3 SYSTEMPATH/CodeIgniter.php(499): CodeIgniter\CodeIgniter->runController()
 4 SYSTEMPATH/CodeIgniter.php(368): CodeIgniter\CodeIgniter->handleRequest()
 5 FCPATH/index.php(67): CodeIgniter\CodeIgniter->run()
 6 SYSTEMPATH/Commands/Server/rewrite.php(47): require_once('FCPATH/index.php')
INFO - 2023-02-01 03:18:25 --> Session: Class initialized using 'CodeIgniter\Session\Handlers\FileHandler' driver.
INFO - 2023-02-01 03:18:28 --> Session: Class initialized using 'CodeIgniter\Session\Handlers\FileHandler' driver.
INFO - 2023-02-01 03:19:48 --> Session: Class initialized using 'CodeIgniter\Session\Handlers\FileHandler' driver.
INFO - 2023-02-01 03:19:48 --> Session: Class initialized using 'CodeIgniter\Session\Handlers\FileHandler' driver.
CRITICAL - 2023-02-01 03:19:52 --> Trying to access array offset on value of type null
in APPPATH/Controllers/Kegiatan.php on line 114.
 1 APPPATH/Controllers/Kegiatan.php(114): CodeIgniter\Debug\Exceptions->errorHandler()
 2 SYSTEMPATH/CodeIgniter.php(934): App\Controllers\Kegiatan->delete_kegiatan()
 3 SYSTEMPATH/CodeIgniter.php(499): CodeIgniter\CodeIgniter->runController()
 4 SYSTEMPATH/CodeIgniter.php(368): CodeIgniter\CodeIgniter->handleRequest()
 5 FCPATH/index.php(67): CodeIgniter\CodeIgniter->run()
 6 SYSTEMPATH/Commands/Server/rewrite.php(47): require_once('FCPATH/index.php')
INFO - 2023-02-01 03:21:01 --> Session: Class initialized using 'CodeIgniter\Session\Handlers\FileHandler' driver.
INFO - 2023-02-01 03:21:42 --> Session: Class initialized using 'CodeIgniter\Session\Handlers\FileHandler' driver.
INFO - 2023-02-01 03:21:42 --> Session: Class initialized using 'CodeIgniter\Session\Handlers\FileHandler' driver.
CRITICAL - 2023-02-01 03:21:44 --> Trying to access array offset on value of type null
in APPPATH/Controllers/Kegiatan.php on line 114.
 1 APPPATH/Controllers/Kegiatan.php(114): CodeIgniter\Debug\Exceptions->errorHandler()
 2 SYSTEMPATH/CodeIgniter.php(934): App\Controllers\Kegiatan->delete_kegiatan()
 3 SYSTEMPATH/CodeIgniter.php(499): CodeIgniter\CodeIgniter->runController()
 4 SYSTEMPATH/CodeIgniter.php(368): CodeIgniter\CodeIgniter->handleRequest()
 5 FCPATH/index.php(67): CodeIgniter\CodeIgniter->run()
 6 SYSTEMPATH/Commands/Server/rewrite.php(47): require_once('FCPATH/index.php')
INFO - 2023-02-01 03:24:35 --> Session: Class initialized using 'CodeIgniter\Session\Handlers\FileHandler' driver.
INFO - 2023-02-01 03:24:37 --> Session: Class initialized using 'CodeIgniter\Session\Handlers\FileHandler' driver.
CRITICAL - 2023-02-01 03:24:41 --> Call to undefined method App\Models\KegiatanModel::doFind
in SYSTEMPATH/Model.php on line 840.
 1 APPPATH/Controllers/Kegiatan.php(113): CodeIgniter\Model->__call()
 2 SYSTEMPATH/CodeIgniter.php(934): App\Controllers\Kegiatan->delete_kegiatan()
 3 SYSTEMPATH/CodeIgniter.php(499): CodeIgniter\CodeIgniter->runController()
 4 SYSTEMPATH/CodeIgniter.php(368): CodeIgniter\CodeIgniter->handleRequest()
 5 FCPATH/index.php(67): CodeIgniter\CodeIgniter->run()
 6 SYSTEMPATH/Commands/Server/rewrite.php(47): require_once('FCPATH/index.php')
INFO - 2023-02-01 03:24:58 --> Session: Class initialized using 'CodeIgniter\Session\Handlers\FileHandler' driver.
INFO - 2023-02-01 03:25:00 --> Session: Class initialized using 'CodeIgniter\Session\Handlers\FileHandler' driver.
ERROR - 2023-02-01 03:25:04 --> mysqli_sql_exception: Unknown column 'tb_kegiatan.id' in 'where clause' in /home/code/Desktop/MULTI TEKNO/Weboleh-oleh/system/Database/MySQLi/Connection.php:295
Stack trace:
#0 /home/code/Desktop/MULTI TEKNO/Weboleh-oleh/system/Database/MySQLi/Connection.php(295): mysqli->query()
#1 /home/code/Desktop/MULTI TEKNO/Weboleh-oleh/system/Database/BaseConnection.php(691): CodeIgniter\Database\MySQLi\Connection->execute()
#2 /home/code/Desktop/MULTI TEKNO/Weboleh-oleh/system/Database/BaseConnection.php(605): CodeIgniter\Database\BaseConnection->simpleQuery()
#3 /home/code/Desktop/MULTI TEKNO/Weboleh-oleh/system/Database/BaseBuilder.php(1601): CodeIgniter\Database\BaseConnection->query()
#4 /home/code/Desktop/MULTI TEKNO/Weboleh-oleh/system/Model.php(199): CodeIgniter\Database\BaseBuilder->get()
#5 /home/code/Desktop/MULTI TEKNO/Weboleh-oleh/system/BaseModel.php(557): CodeIgniter\Model->doFind()
#6 /home/code/Desktop/MULTI TEKNO/Weboleh-oleh/app/Controllers/Kegiatan.php(113): CodeIgniter\BaseModel->find()
#7 /home/code/Desktop/MULTI TEKNO/Weboleh-oleh/system/CodeIgniter.php(934): App\Controllers\Kegiatan->delete_kegiatan()
#8 /home/code/Desktop/MULTI TEKNO/Weboleh-oleh/system/CodeIgniter.php(499): CodeIgniter\CodeIgniter->runController()
#9 /home/code/Desktop/MULTI TEKNO/Weboleh-oleh/system/CodeIgniter.php(368): CodeIgniter\CodeIgniter->handleRequest()
#10 /home/code/Desktop/MULTI TEKNO/Weboleh-oleh/public/index.php(67): CodeIgniter\CodeIgniter->run()
#11 /home/code/Desktop/MULTI TEKNO/Weboleh-oleh/system/Commands/Server/rewrite.php(47): require_once('...')
#12 {main}
CRITICAL - 2023-02-01 03:25:04 --> Unknown column 'tb_kegiatan.id' in 'where clause'
in SYSTEMPATH/Database/BaseConnection.php on line 645.
 1 SYSTEMPATH/Database/BaseBuilder.php(1601): CodeIgniter\Database\BaseConnection->query()
 2 SYSTEMPATH/Model.php(199): CodeIgniter\Database\BaseBuilder->get()
 3 SYSTEMPATH/BaseModel.php(557): CodeIgniter\Model->doFind()
 4 APPPATH/Controllers/Kegiatan.php(113): CodeIgniter\BaseModel->find()
 5 SYSTEMPATH/CodeIgniter.php(934): App\Controllers\Kegiatan->delete_kegiatan()
 6 SYSTEMPATH/CodeIgniter.php(499): CodeIgniter\CodeIgniter->runController()
 7 SYSTEMPATH/CodeIgniter.php(368): CodeIgniter\CodeIgniter->handleRequest()
 8 FCPATH/index.php(67): CodeIgniter\CodeIgniter->run()
 9 SYSTEMPATH/Commands/Server/rewrite.php(47): require_once('FCPATH/index.php')
INFO - 2023-02-01 09:18:49 --> Session: Class initialized using 'CodeIgniter\Session\Handlers\FileHandler' driver.
INFO - 2023-02-01 09:18:50 --> Session: Class initialized using 'CodeIgniter\Session\Handlers\FileHandler' driver.
INFO - 2023-02-01 09:19:57 --> Session: Class initialized using 'CodeIgniter\Session\Handlers\FileHandler' driver.
INFO - 2023-02-01 09:19:57 --> Session: Class initialized using 'CodeIgniter\Session\Handlers\FileHandler' driver.
CRITICAL - 2023-02-01 09:20:40 --> Undefined array key "nama_umkm"
in APPPATH/Views/home.php on line 23.
 1 APPPATH/Views/home.php(23): CodeIgniter\Debug\Exceptions->errorHandler()
 2 SYSTEMPATH/View/View.php(213): include('APPPATH/Views/home.php')
 3 SYSTEMPATH/View/View.php(216): CodeIgniter\View\View->CodeIgniter\View\{closure}()
 4 SYSTEMPATH/Common.php(1177): CodeIgniter\View\View->render()
 5 APPPATH/Views/layout_user/content.php(4): view()
 6 SYSTEMPATH/View/View.php(213): include('APPPATH/Views/layout_user/content.php')
 7 SYSTEMPATH/View/View.php(216): CodeIgniter\View\View->CodeIgniter\View\{closure}()
 8 SYSTEMPATH/Common.php(1177): CodeIgniter\View\View->render()
 9 APPPATH/Views/layout_user/wrapper.php(4): view()
10 SYSTEMPATH/View/View.php(213): include('APPPATH/Views/layout_user/wrapper.php')
11 SYSTEMPATH/View/View.php(216): CodeIgniter\View\View->CodeIgniter\View\{closure}()
12 SYSTEMPATH/Common.php(1177): CodeIgniter\View\View->render()
13 APPPATH/Controllers/Home.php(23): view()
14 SYSTEMPATH/CodeIgniter.php(934): App\Controllers\Home->index()
15 SYSTEMPATH/CodeIgniter.php(499): CodeIgniter\CodeIgniter->runController()
16 SYSTEMPATH/CodeIgniter.php(368): CodeIgniter\CodeIgniter->handleRequest()
17 FCPATH/index.php(67): CodeIgniter\CodeIgniter->run()
18 SYSTEMPATH/Commands/Server/rewrite.php(47): require_once('FCPATH/index.php')
CRITICAL - 2023-02-01 09:24:45 --> Undefined array key "nama_umkm"
in APPPATH/Views/home.php on line 25.
 1 APPPATH/Views/home.php(25): CodeIgniter\Debug\Exceptions->errorHandler()
 2 SYSTEMPATH/View/View.php(213): include('APPPATH/Views/home.php')
 3 SYSTEMPATH/View/View.php(216): CodeIgniter\View\View->CodeIgniter\View\{closure}()
 4 SYSTEMPATH/Common.php(1177): CodeIgniter\View\View->render()
 5 APPPATH/Views/layout_user/content.php(4): view()
 6 SYSTEMPATH/View/View.php(213): include('APPPATH/Views/layout_user/content.php')
 7 SYSTEMPATH/View/View.php(216): CodeIgniter\View\View->CodeIgniter\View\{closure}()
 8 SYSTEMPATH/Common.php(1177): CodeIgniter\View\View->render()
 9 APPPATH/Views/layout_user/wrapper.php(4): view()
10 SYSTEMPATH/View/View.php(213): include('APPPATH/Views/layout_user/wrapper.php')
11 SYSTEMPATH/View/View.php(216): CodeIgniter\View\View->CodeIgniter\View\{closure}()
12 SYSTEMPATH/Common.php(1177): CodeIgniter\View\View->render()
13 APPPATH/Controllers/Home.php(23): view()
14 SYSTEMPATH/CodeIgniter.php(934): App\Controllers\Home->index()
15 SYSTEMPATH/CodeIgniter.php(499): CodeIgniter\CodeIgniter->runController()
16 SYSTEMPATH/CodeIgniter.php(368): CodeIgniter\CodeIgniter->handleRequest()
17 FCPATH/index.php(67): CodeIgniter\CodeIgniter->run()
18 SYSTEMPATH/Commands/Server/rewrite.php(47): require_once('FCPATH/index.php')
CRITICAL - 2023-02-01 09:25:02 --> Undefined array key "nama_umkm"
in APPPATH/Views/home.php on line 25.
 1 APPPATH/Views/home.php(25): CodeIgniter\Debug\Exceptions->errorHandler()
 2 SYSTEMPATH/View/View.php(213): include('APPPATH/Views/home.php')
 3 SYSTEMPATH/View/View.php(216): CodeIgniter\View\View->CodeIgniter\View\{closure}()
 4 SYSTEMPATH/Common.php(1177): CodeIgniter\View\View->render()
 5 APPPATH/Views/layout_user/content.php(4): view()
 6 SYSTEMPATH/View/View.php(213): include('APPPATH/Views/layout_user/content.php')
 7 SYSTEMPATH/View/View.php(216): CodeIgniter\View\View->CodeIgniter\View\{closure}()
 8 SYSTEMPATH/Common.php(1177): CodeIgniter\View\View->render()
 9 APPPATH/Views/layout_user/wrapper.php(4): view()
10 SYSTEMPATH/View/View.php(213): include('APPPATH/Views/layout_user/wrapper.php')
11 SYSTEMPATH/View/View.php(216): CodeIgniter\View\View->CodeIgniter\View\{closure}()
12 SYSTEMPATH/Common.php(1177): CodeIgniter\View\View->render()
13 APPPATH/Controllers/Home.php(23): view()
14 SYSTEMPATH/CodeIgniter.php(934): App\Controllers\Home->index()
15 SYSTEMPATH/CodeIgniter.php(499): CodeIgniter\CodeIgniter->runController()
16 SYSTEMPATH/CodeIgniter.php(368): CodeIgniter\CodeIgniter->handleRequest()
17 FCPATH/index.php(67): CodeIgniter\CodeIgniter->run()
18 SYSTEMPATH/Commands/Server/rewrite.php(47): require_once('FCPATH/index.php')
INFO - 2023-02-01 09:26:35 --> Session: Class initialized using 'CodeIgniter\Session\Handlers\FileHandler' driver.
INFO - 2023-02-01 09:29:30 --> Session: Class initialized using 'CodeIgniter\Session\Handlers\FileHandler' driver.
CRITICAL - 2023-02-01 09:32:54 --> Undefined variable $profil_edit
in APPPATH/Views/home.php on line 9.
 1 APPPATH/Views/home.php(9): CodeIgniter\Debug\Exceptions->errorHandler()
 2 SYSTEMPATH/View/View.php(213): include('APPPATH/Views/home.php')
 3 SYSTEMPATH/View/View.php(216): CodeIgniter\View\View->CodeIgniter\View\{closure}()
 4 SYSTEMPATH/Common.php(1177): CodeIgniter\View\View->render()
 5 APPPATH/Views/layout_user/content.php(4): view()
 6 SYSTEMPATH/View/View.php(213): include('APPPATH/Views/layout_user/content.php')
 7 SYSTEMPATH/View/View.php(216): CodeIgniter\View\View->CodeIgniter\View\{closure}()
 8 SYSTEMPATH/Common.php(1177): CodeIgniter\View\View->render()
 9 APPPATH/Views/layout_user/wrapper.php(4): view()
10 SYSTEMPATH/View/View.php(213): include('APPPATH/Views/layout_user/wrapper.php')
11 SYSTEMPATH/View/View.php(216): CodeIgniter\View\View->CodeIgniter\View\{closure}()
12 SYSTEMPATH/Common.php(1177): CodeIgniter\View\View->render()
13 APPPATH/Controllers/Home.php(26): view()
14 SYSTEMPATH/CodeIgniter.php(934): App\Controllers\Home->index()
15 SYSTEMPATH/CodeIgniter.php(499): CodeIgniter\CodeIgniter->runController()
16 SYSTEMPATH/CodeIgniter.php(368): CodeIgniter\CodeIgniter->handleRequest()
17 FCPATH/index.php(67): CodeIgniter\CodeIgniter->run()
18 SYSTEMPATH/Commands/Server/rewrite.php(47): require_once('FCPATH/index.php')
CRITICAL - 2023-02-01 09:33:12 --> Undefined variable $profil_edit
in APPPATH/Views/home.php on line 10.
 1 APPPATH/Views/home.php(10): CodeIgniter\Debug\Exceptions->errorHandler()
 2 SYSTEMPATH/View/View.php(213): include('APPPATH/Views/home.php')
 3 SYSTEMPATH/View/View.php(216): CodeIgniter\View\View->CodeIgniter\View\{closure}()
 4 SYSTEMPATH/Common.php(1177): CodeIgniter\View\View->render()
 5 APPPATH/Views/layout_user/content.php(4): view()
 6 SYSTEMPATH/View/View.php(213): include('APPPATH/Views/layout_user/content.php')
 7 SYSTEMPATH/View/View.php(216): CodeIgniter\View\View->CodeIgniter\View\{closure}()
 8 SYSTEMPATH/Common.php(1177): CodeIgniter\View\View->render()
 9 APPPATH/Views/layout_user/wrapper.php(4): view()
10 SYSTEMPATH/View/View.php(213): include('APPPATH/Views/layout_user/wrapper.php')
11 SYSTEMPATH/View/View.php(216): CodeIgniter\View\View->CodeIgniter\View\{closure}()
12 SYSTEMPATH/Common.php(1177): CodeIgniter\View\View->render()
13 APPPATH/Controllers/Home.php(26): view()
14 SYSTEMPATH/CodeIgniter.php(934): App\Controllers\Home->index()
15 SYSTEMPATH/CodeIgniter.php(499): CodeIgniter\CodeIgniter->runController()
16 SYSTEMPATH/CodeIgniter.php(368): CodeIgniter\CodeIgniter->handleRequest()
17 FCPATH/index.php(67): CodeIgniter\CodeIgniter->run()
18 SYSTEMPATH/Commands/Server/rewrite.php(47): require_once('FCPATH/index.php')
INFO - 2023-02-01 12:30:19 --> Session: Class initialized using 'CodeIgniter\Session\Handlers\FileHandler' driver.
INFO - 2023-02-01 12:30:23 --> Session: Class initialized using 'CodeIgniter\Session\Handlers\FileHandler' driver.
INFO - 2023-02-01 12:30:28 --> Session: Class initialized using 'CodeIgniter\Session\Handlers\FileHandler' driver.
INFO - 2023-02-01 12:30:31 --> Session: Class initialized using 'CodeIgniter\Session\Handlers\FileHandler' driver.
INFO - 2023-02-01 12:30:31 --> Session: Class initialized using 'CodeIgniter\Session\Handlers\FileHandler' driver.
INFO - 2023-02-01 12:30:34 --> Session: Class initialized using 'CodeIgniter\Session\Handlers\FileHandler' driver.
INFO - 2023-02-01 12:30:37 --> Session: Class initialized using 'CodeIgniter\Session\Handlers\FileHandler' driver.
INFO - 2023-02-01 12:30:37 --> Session: Class initialized using 'CodeIgniter\Session\Handlers\FileHandler' driver.
INFO - 2023-02-01 12:30:40 --> Session: Class initialized using 'CodeIgniter\Session\Handlers\FileHandler' driver.
INFO - 2023-02-01 12:30:40 --> Session: Class initialized using 'CodeIgniter\Session\Handlers\FileHandler' driver.
INFO - 2023-02-01 12:30:44 --> Session: Class initialized using 'CodeIgniter\Session\Handlers\FileHandler' driver.
INFO - 2023-02-01 12:30:46 --> Session: Class initialized using 'CodeIgniter\Session\Handlers\FileHandler' driver.
<<<<<<< Updated upstream
INFO - 2023-02-01 12:39:33 --> Session: Class initialized using 'CodeIgniter\Session\Handlers\FileHandler' driver.
INFO - 2023-02-01 12:39:35 --> Session: Class initialized using 'CodeIgniter\Session\Handlers\FileHandler' driver.
INFO - 2023-02-01 12:39:37 --> Session: Class initialized using 'CodeIgniter\Session\Handlers\FileHandler' driver.
=======
ERROR - 2023-02-01 13:33:48 --> Error connecting to the database: mysqli_sql_exception: No connection could be made because the target machine actively refused it in C:\Users\muham\OneDrive\Documents\Web-Oleh-Oleh\Weboleh-oleh\system\Database\MySQLi\Connection.php:173
Stack trace:
#0 C:\Users\muham\OneDrive\Documents\Web-Oleh-Oleh\Weboleh-oleh\system\Database\MySQLi\Connection.php(173): mysqli->real_connect('127.0.0.1', 'root', Object(SensitiveParameterValue), 'db_weboleh_oleh', 3306, '', 0)
#1 C:\Users\muham\OneDrive\Documents\Web-Oleh-Oleh\Weboleh-oleh\system\Database\BaseConnection.php(391): CodeIgniter\Database\MySQLi\Connection->connect(false)
#2 C:\Users\muham\OneDrive\Documents\Web-Oleh-Oleh\Weboleh-oleh\system\Database\BaseConnection.php(573): CodeIgniter\Database\BaseConnection->initialize()
#3 C:\Users\muham\OneDrive\Documents\Web-Oleh-Oleh\Weboleh-oleh\system\Database\BaseBuilder.php(1601): CodeIgniter\Database\BaseConnection->query('SELECT *\nFROM `...', Array, false)
#4 C:\Users\muham\OneDrive\Documents\Web-Oleh-Oleh\Weboleh-oleh\app\Models\ProfilModel.php(14): CodeIgniter\Database\BaseBuilder->get()
#5 C:\Users\muham\OneDrive\Documents\Web-Oleh-Oleh\Weboleh-oleh\app\Controllers\Home.php(24): App\Models\ProfilModel->get_profil()
#6 C:\Users\muham\OneDrive\Documents\Web-Oleh-Oleh\Weboleh-oleh\system\CodeIgniter.php(934): App\Controllers\Home->index()
#7 C:\Users\muham\OneDrive\Documents\Web-Oleh-Oleh\Weboleh-oleh\system\CodeIgniter.php(499): CodeIgniter\CodeIgniter->runController(Object(App\Controllers\Home))
#8 C:\Users\muham\OneDrive\Documents\Web-Oleh-Oleh\Weboleh-oleh\system\CodeIgniter.php(368): CodeIgniter\CodeIgniter->handleRequest(NULL, Object(Config\Cache), false)
#9 C:\Users\muham\OneDrive\Documents\Web-Oleh-Oleh\Weboleh-oleh\public\index.php(67): CodeIgniter\CodeIgniter->run()
#10 C:\Users\muham\OneDrive\Documents\Web-Oleh-Oleh\Weboleh-oleh\system\Commands\Server\rewrite.php(47): require_once('C:\\Users\\muham\\...')
#11 {main}

Next CodeIgniter\Database\Exceptions\DatabaseException: No connection could be made because the target machine actively refused it in C:\Users\muham\OneDrive\Documents\Web-Oleh-Oleh\Weboleh-oleh\system\Database\MySQLi\Connection.php:218
Stack trace:
#0 C:\Users\muham\OneDrive\Documents\Web-Oleh-Oleh\Weboleh-oleh\system\Database\BaseConnection.php(391): CodeIgniter\Database\MySQLi\Connection->connect(false)
#1 C:\Users\muham\OneDrive\Documents\Web-Oleh-Oleh\Weboleh-oleh\system\Database\BaseConnection.php(573): CodeIgniter\Database\BaseConnection->initialize()
#2 C:\Users\muham\OneDrive\Documents\Web-Oleh-Oleh\Weboleh-oleh\system\Database\BaseBuilder.php(1601): CodeIgniter\Database\BaseConnection->query('SELECT *\nFROM `...', Array, false)
#3 C:\Users\muham\OneDrive\Documents\Web-Oleh-Oleh\Weboleh-oleh\app\Models\ProfilModel.php(14): CodeIgniter\Database\BaseBuilder->get()
#4 C:\Users\muham\OneDrive\Documents\Web-Oleh-Oleh\Weboleh-oleh\app\Controllers\Home.php(24): App\Models\ProfilModel->get_profil()
#5 C:\Users\muham\OneDrive\Documents\Web-Oleh-Oleh\Weboleh-oleh\system\CodeIgniter.php(934): App\Controllers\Home->index()
#6 C:\Users\muham\OneDrive\Documents\Web-Oleh-Oleh\Weboleh-oleh\system\CodeIgniter.php(499): CodeIgniter\CodeIgniter->runController(Object(App\Controllers\Home))
#7 C:\Users\muham\OneDrive\Documents\Web-Oleh-Oleh\Weboleh-oleh\system\CodeIgniter.php(368): CodeIgniter\CodeIgniter->handleRequest(NULL, Object(Config\Cache), false)
#8 C:\Users\muham\OneDrive\Documents\Web-Oleh-Oleh\Weboleh-oleh\public\index.php(67): CodeIgniter\CodeIgniter->run()
#9 C:\Users\muham\OneDrive\Documents\Web-Oleh-Oleh\Weboleh-oleh\system\Commands\Server\rewrite.php(47): require_once('C:\\Users\\muham\\...')
#10 {main}
CRITICAL - 2023-02-01 13:33:48 --> Unable to connect to the database.
Main connection [MySQLi]: No connection could be made because the target machine actively refused it
in SYSTEMPATH\Database\BaseConnection.php on line 427.
 1 SYSTEMPATH\Database\BaseConnection.php(573): CodeIgniter\Database\BaseConnection->initialize()
 2 SYSTEMPATH\Database\BaseBuilder.php(1601): CodeIgniter\Database\BaseConnection->query('SELECT *
FROM `tb_profil`', [], false)
 3 APPPATH\Models\ProfilModel.php(14): CodeIgniter\Database\BaseBuilder->get()
 4 APPPATH\Controllers\Home.php(24): App\Models\ProfilModel->get_profil()
 5 SYSTEMPATH\CodeIgniter.php(934): App\Controllers\Home->index()
 6 SYSTEMPATH\CodeIgniter.php(499): CodeIgniter\CodeIgniter->runController(Object(App\Controllers\Home))
 7 SYSTEMPATH\CodeIgniter.php(368): CodeIgniter\CodeIgniter->handleRequest(null, Object(Config\Cache), false)
 8 FCPATH\index.php(67): CodeIgniter\CodeIgniter->run()
 9 SYSTEMPATH\Commands\Server\rewrite.php(47): require_once('FCPATH\\index.php')
ERROR - 2023-02-01 13:34:31 --> mysqli_sql_exception: Table 'db_weboleh_oleh.tb_profil' doesn't exist in C:\Users\muham\OneDrive\Documents\Web-Oleh-Oleh\Weboleh-oleh\system\Database\MySQLi\Connection.php:295
Stack trace:
#0 C:\Users\muham\OneDrive\Documents\Web-Oleh-Oleh\Weboleh-oleh\system\Database\MySQLi\Connection.php(295): mysqli->query('SELECT *\nFROM `...', 0)
#1 C:\Users\muham\OneDrive\Documents\Web-Oleh-Oleh\Weboleh-oleh\system\Database\BaseConnection.php(691): CodeIgniter\Database\MySQLi\Connection->execute('SELECT *\nFROM `...')
#2 C:\Users\muham\OneDrive\Documents\Web-Oleh-Oleh\Weboleh-oleh\system\Database\BaseConnection.php(605): CodeIgniter\Database\BaseConnection->simpleQuery('SELECT *\nFROM `...')
#3 C:\Users\muham\OneDrive\Documents\Web-Oleh-Oleh\Weboleh-oleh\system\Database\BaseBuilder.php(1601): CodeIgniter\Database\BaseConnection->query('SELECT *\nFROM `...', Array, false)
#4 C:\Users\muham\OneDrive\Documents\Web-Oleh-Oleh\Weboleh-oleh\app\Models\ProfilModel.php(14): CodeIgniter\Database\BaseBuilder->get()
#5 C:\Users\muham\OneDrive\Documents\Web-Oleh-Oleh\Weboleh-oleh\app\Controllers\Home.php(24): App\Models\ProfilModel->get_profil()
#6 C:\Users\muham\OneDrive\Documents\Web-Oleh-Oleh\Weboleh-oleh\system\CodeIgniter.php(934): App\Controllers\Home->index()
#7 C:\Users\muham\OneDrive\Documents\Web-Oleh-Oleh\Weboleh-oleh\system\CodeIgniter.php(499): CodeIgniter\CodeIgniter->runController(Object(App\Controllers\Home))
#8 C:\Users\muham\OneDrive\Documents\Web-Oleh-Oleh\Weboleh-oleh\system\CodeIgniter.php(368): CodeIgniter\CodeIgniter->handleRequest(NULL, Object(Config\Cache), false)
#9 C:\Users\muham\OneDrive\Documents\Web-Oleh-Oleh\Weboleh-oleh\public\index.php(67): CodeIgniter\CodeIgniter->run()
#10 C:\Users\muham\OneDrive\Documents\Web-Oleh-Oleh\Weboleh-oleh\system\Commands\Server\rewrite.php(47): require_once('C:\\Users\\muham\\...')
#11 {main}
CRITICAL - 2023-02-01 13:34:31 --> Table 'db_weboleh_oleh.tb_profil' doesn't exist
in SYSTEMPATH\Database\BaseConnection.php on line 645.
 1 SYSTEMPATH\Database\BaseBuilder.php(1601): CodeIgniter\Database\BaseConnection->query('SELECT *
FROM `tb_profil`', [], false)
 2 APPPATH\Models\ProfilModel.php(14): CodeIgniter\Database\BaseBuilder->get()
 3 APPPATH\Controllers\Home.php(24): App\Models\ProfilModel->get_profil()
 4 SYSTEMPATH\CodeIgniter.php(934): App\Controllers\Home->index()
 5 SYSTEMPATH\CodeIgniter.php(499): CodeIgniter\CodeIgniter->runController(Object(App\Controllers\Home))
 6 SYSTEMPATH\CodeIgniter.php(368): CodeIgniter\CodeIgniter->handleRequest(null, Object(Config\Cache), false)
 7 FCPATH\index.php(67): CodeIgniter\CodeIgniter->run()
 8 SYSTEMPATH\Commands\Server\rewrite.php(47): require_once('FCPATH\\index.php')
ERROR - 2023-02-01 13:34:40 --> mysqli_sql_exception: Table 'db_weboleh_oleh.tb_profil' doesn't exist in C:\Users\muham\OneDrive\Documents\Web-Oleh-Oleh\Weboleh-oleh\system\Database\MySQLi\Connection.php:295
Stack trace:
#0 C:\Users\muham\OneDrive\Documents\Web-Oleh-Oleh\Weboleh-oleh\system\Database\MySQLi\Connection.php(295): mysqli->query('SELECT *\nFROM `...', 0)
#1 C:\Users\muham\OneDrive\Documents\Web-Oleh-Oleh\Weboleh-oleh\system\Database\BaseConnection.php(691): CodeIgniter\Database\MySQLi\Connection->execute('SELECT *\nFROM `...')
#2 C:\Users\muham\OneDrive\Documents\Web-Oleh-Oleh\Weboleh-oleh\system\Database\BaseConnection.php(605): CodeIgniter\Database\BaseConnection->simpleQuery('SELECT *\nFROM `...')
#3 C:\Users\muham\OneDrive\Documents\Web-Oleh-Oleh\Weboleh-oleh\system\Database\BaseBuilder.php(1601): CodeIgniter\Database\BaseConnection->query('SELECT *\nFROM `...', Array, false)
#4 C:\Users\muham\OneDrive\Documents\Web-Oleh-Oleh\Weboleh-oleh\app\Models\ProfilModel.php(14): CodeIgniter\Database\BaseBuilder->get()
#5 C:\Users\muham\OneDrive\Documents\Web-Oleh-Oleh\Weboleh-oleh\app\Controllers\Home.php(24): App\Models\ProfilModel->get_profil()
#6 C:\Users\muham\OneDrive\Documents\Web-Oleh-Oleh\Weboleh-oleh\system\CodeIgniter.php(934): App\Controllers\Home->index()
#7 C:\Users\muham\OneDrive\Documents\Web-Oleh-Oleh\Weboleh-oleh\system\CodeIgniter.php(499): CodeIgniter\CodeIgniter->runController(Object(App\Controllers\Home))
#8 C:\Users\muham\OneDrive\Documents\Web-Oleh-Oleh\Weboleh-oleh\system\CodeIgniter.php(368): CodeIgniter\CodeIgniter->handleRequest(NULL, Object(Config\Cache), false)
#9 C:\Users\muham\OneDrive\Documents\Web-Oleh-Oleh\Weboleh-oleh\public\index.php(67): CodeIgniter\CodeIgniter->run()
#10 C:\Users\muham\OneDrive\Documents\Web-Oleh-Oleh\Weboleh-oleh\system\Commands\Server\rewrite.php(47): require_once('C:\\Users\\muham\\...')
#11 {main}
CRITICAL - 2023-02-01 13:34:40 --> Table 'db_weboleh_oleh.tb_profil' doesn't exist
in SYSTEMPATH\Database\BaseConnection.php on line 645.
 1 SYSTEMPATH\Database\BaseBuilder.php(1601): CodeIgniter\Database\BaseConnection->query('SELECT *
FROM `tb_profil`', [], false)
 2 APPPATH\Models\ProfilModel.php(14): CodeIgniter\Database\BaseBuilder->get()
 3 APPPATH\Controllers\Home.php(24): App\Models\ProfilModel->get_profil()
 4 SYSTEMPATH\CodeIgniter.php(934): App\Controllers\Home->index()
 5 SYSTEMPATH\CodeIgniter.php(499): CodeIgniter\CodeIgniter->runController(Object(App\Controllers\Home))
 6 SYSTEMPATH\CodeIgniter.php(368): CodeIgniter\CodeIgniter->handleRequest(null, Object(Config\Cache), false)
 7 FCPATH\index.php(67): CodeIgniter\CodeIgniter->run()
 8 SYSTEMPATH\Commands\Server\rewrite.php(47): require_once('FCPATH\\index.php')
ERROR - 2023-02-01 13:37:05 --> mysqli_sql_exception: Table 'db_weboleh_oleh.tb_profil' doesn't exist in C:\Users\muham\OneDrive\Documents\Web-Oleh-Oleh\Weboleh-oleh\system\Database\MySQLi\Connection.php:295
Stack trace:
#0 C:\Users\muham\OneDrive\Documents\Web-Oleh-Oleh\Weboleh-oleh\system\Database\MySQLi\Connection.php(295): mysqli->query('SELECT *\nFROM `...', 0)
#1 C:\Users\muham\OneDrive\Documents\Web-Oleh-Oleh\Weboleh-oleh\system\Database\BaseConnection.php(691): CodeIgniter\Database\MySQLi\Connection->execute('SELECT *\nFROM `...')
#2 C:\Users\muham\OneDrive\Documents\Web-Oleh-Oleh\Weboleh-oleh\system\Database\BaseConnection.php(605): CodeIgniter\Database\BaseConnection->simpleQuery('SELECT *\nFROM `...')
#3 C:\Users\muham\OneDrive\Documents\Web-Oleh-Oleh\Weboleh-oleh\system\Database\BaseBuilder.php(1601): CodeIgniter\Database\BaseConnection->query('SELECT *\nFROM `...', Array, false)
#4 C:\Users\muham\OneDrive\Documents\Web-Oleh-Oleh\Weboleh-oleh\app\Models\ProfilModel.php(14): CodeIgniter\Database\BaseBuilder->get()
#5 C:\Users\muham\OneDrive\Documents\Web-Oleh-Oleh\Weboleh-oleh\app\Controllers\Home.php(24): App\Models\ProfilModel->get_profil()
#6 C:\Users\muham\OneDrive\Documents\Web-Oleh-Oleh\Weboleh-oleh\system\CodeIgniter.php(934): App\Controllers\Home->index()
#7 C:\Users\muham\OneDrive\Documents\Web-Oleh-Oleh\Weboleh-oleh\system\CodeIgniter.php(499): CodeIgniter\CodeIgniter->runController(Object(App\Controllers\Home))
#8 C:\Users\muham\OneDrive\Documents\Web-Oleh-Oleh\Weboleh-oleh\system\CodeIgniter.php(368): CodeIgniter\CodeIgniter->handleRequest(NULL, Object(Config\Cache), false)
#9 C:\Users\muham\OneDrive\Documents\Web-Oleh-Oleh\Weboleh-oleh\public\index.php(67): CodeIgniter\CodeIgniter->run()
#10 C:\Users\muham\OneDrive\Documents\Web-Oleh-Oleh\Weboleh-oleh\system\Commands\Server\rewrite.php(47): require_once('C:\\Users\\muham\\...')
#11 {main}
CRITICAL - 2023-02-01 13:37:05 --> Table 'db_weboleh_oleh.tb_profil' doesn't exist
in SYSTEMPATH\Database\BaseConnection.php on line 645.
 1 SYSTEMPATH\Database\BaseBuilder.php(1601): CodeIgniter\Database\BaseConnection->query('SELECT *
FROM `tb_profil`', [], false)
 2 APPPATH\Models\ProfilModel.php(14): CodeIgniter\Database\BaseBuilder->get()
 3 APPPATH\Controllers\Home.php(24): App\Models\ProfilModel->get_profil()
 4 SYSTEMPATH\CodeIgniter.php(934): App\Controllers\Home->index()
 5 SYSTEMPATH\CodeIgniter.php(499): CodeIgniter\CodeIgniter->runController(Object(App\Controllers\Home))
 6 SYSTEMPATH\CodeIgniter.php(368): CodeIgniter\CodeIgniter->handleRequest(null, Object(Config\Cache), false)
 7 FCPATH\index.php(67): CodeIgniter\CodeIgniter->run()
 8 SYSTEMPATH\Commands\Server\rewrite.php(47): require_once('FCPATH\\index.php')
ERROR - 2023-02-01 15:27:13 --> mysqli_sql_exception: Table 'db_weboleh_oleh.tb_profil' doesn't exist in C:\Users\muham\OneDrive\Documents\Web-Oleh-Oleh\Weboleh-oleh\system\Database\MySQLi\Connection.php:295
Stack trace:
#0 C:\Users\muham\OneDrive\Documents\Web-Oleh-Oleh\Weboleh-oleh\system\Database\MySQLi\Connection.php(295): mysqli->query('SELECT *\nFROM `...', 0)
#1 C:\Users\muham\OneDrive\Documents\Web-Oleh-Oleh\Weboleh-oleh\system\Database\BaseConnection.php(691): CodeIgniter\Database\MySQLi\Connection->execute('SELECT *\nFROM `...')
#2 C:\Users\muham\OneDrive\Documents\Web-Oleh-Oleh\Weboleh-oleh\system\Database\BaseConnection.php(605): CodeIgniter\Database\BaseConnection->simpleQuery('SELECT *\nFROM `...')
#3 C:\Users\muham\OneDrive\Documents\Web-Oleh-Oleh\Weboleh-oleh\system\Database\BaseBuilder.php(1601): CodeIgniter\Database\BaseConnection->query('SELECT *\nFROM `...', Array, false)
#4 C:\Users\muham\OneDrive\Documents\Web-Oleh-Oleh\Weboleh-oleh\app\Models\ProfilModel.php(14): CodeIgniter\Database\BaseBuilder->get()
#5 C:\Users\muham\OneDrive\Documents\Web-Oleh-Oleh\Weboleh-oleh\app\Controllers\Home.php(24): App\Models\ProfilModel->get_profil()
#6 C:\Users\muham\OneDrive\Documents\Web-Oleh-Oleh\Weboleh-oleh\system\CodeIgniter.php(934): App\Controllers\Home->index()
#7 C:\Users\muham\OneDrive\Documents\Web-Oleh-Oleh\Weboleh-oleh\system\CodeIgniter.php(499): CodeIgniter\CodeIgniter->runController(Object(App\Controllers\Home))
#8 C:\Users\muham\OneDrive\Documents\Web-Oleh-Oleh\Weboleh-oleh\system\CodeIgniter.php(368): CodeIgniter\CodeIgniter->handleRequest(NULL, Object(Config\Cache), false)
#9 C:\Users\muham\OneDrive\Documents\Web-Oleh-Oleh\Weboleh-oleh\public\index.php(67): CodeIgniter\CodeIgniter->run()
#10 C:\Users\muham\OneDrive\Documents\Web-Oleh-Oleh\Weboleh-oleh\system\Commands\Server\rewrite.php(47): require_once('C:\\Users\\muham\\...')
#11 {main}
CRITICAL - 2023-02-01 15:27:14 --> Table 'db_weboleh_oleh.tb_profil' doesn't exist
in SYSTEMPATH\Database\BaseConnection.php on line 645.
 1 SYSTEMPATH\Database\BaseBuilder.php(1601): CodeIgniter\Database\BaseConnection->query('SELECT *
FROM `tb_profil`', [], false)
 2 APPPATH\Models\ProfilModel.php(14): CodeIgniter\Database\BaseBuilder->get()
 3 APPPATH\Controllers\Home.php(24): App\Models\ProfilModel->get_profil()
 4 SYSTEMPATH\CodeIgniter.php(934): App\Controllers\Home->index()
 5 SYSTEMPATH\CodeIgniter.php(499): CodeIgniter\CodeIgniter->runController(Object(App\Controllers\Home))
 6 SYSTEMPATH\CodeIgniter.php(368): CodeIgniter\CodeIgniter->handleRequest(null, Object(Config\Cache), false)
 7 FCPATH\index.php(67): CodeIgniter\CodeIgniter->run()
 8 SYSTEMPATH\Commands\Server\rewrite.php(47): require_once('FCPATH\\index.php')
>>>>>>> Stashed changes
