ERROR - 2023-02-02 23:43:54 --> mysqli_sql_exception: Table 'db_weboleh_oleh.tb_profil' doesn't exist in C:\Users\muham\OneDrive\Documents\Web-Oleh-Oleh\Weboleh-oleh\system\Database\MySQLi\Connection.php:295
Stack trace:
#0 C:\Users\muham\OneDrive\Documents\Web-Oleh-Oleh\Weboleh-oleh\system\Database\MySQLi\Connection.php(295): mysqli->query('SELECT *\nFROM `...', 0)
#1 C:\Users\muham\OneDrive\Documents\Web-Oleh-Oleh\Weboleh-oleh\system\Database\BaseConnection.php(691): CodeIgniter\Database\MySQLi\Connection->execute('SELECT *\nFROM `...')
#2 C:\Users\muham\OneDrive\Documents\Web-Oleh-Oleh\Weboleh-oleh\system\Database\BaseConnection.php(605): CodeIgniter\Database\BaseConnection->simpleQuery('SELECT *\nFROM `...')
#3 C:\Users\muham\OneDrive\Documents\Web-Oleh-Oleh\Weboleh-oleh\system\Database\BaseBuilder.php(1601): CodeIgniter\Database\BaseConnection->query('SELECT *\nFROM `...', Array, false)
#4 C:\Users\muham\OneDrive\Documents\Web-Oleh-Oleh\Weboleh-oleh\app\Models\ProfilModel.php(14): CodeIgniter\Database\BaseBuilder->get()
#5 C:\Users\muham\OneDrive\Documents\Web-Oleh-Oleh\Weboleh-oleh\app\Controllers\Home.php(24): App\Models\ProfilModel->get_profil()
#6 C:\Users\muham\OneDrive\Documents\Web-Oleh-Oleh\Weboleh-oleh\system\CodeIgniter.php(934): App\Controllers\Home->index()
#7 C:\Users\muham\OneDrive\Documents\Web-Oleh-Oleh\Weboleh-oleh\system\CodeIgniter.php(499): CodeIgniter\CodeIgniter->runController(Object(App\Controllers\Home))
#8 C:\Users\muham\OneDrive\Documents\Web-Oleh-Oleh\Weboleh-oleh\system\CodeIgniter.php(368): CodeIgniter\CodeIgniter->handleRequest(NULL, Object(Config\Cache), false)
#9 C:\Users\muham\OneDrive\Documents\Web-Oleh-Oleh\Weboleh-oleh\public\index.php(67): CodeIgniter\CodeIgniter->run()
#10 C:\Users\muham\OneDrive\Documents\Web-Oleh-Oleh\Weboleh-oleh\system\Commands\Server\rewrite.php(47): require_once('C:\\Users\\muham\\...')
#11 {main}
CRITICAL - 2023-02-02 23:43:54 --> Table 'db_weboleh_oleh.tb_profil' doesn't exist
in SYSTEMPATH\Database\BaseConnection.php on line 645.
 1 SYSTEMPATH\Database\BaseBuilder.php(1601): CodeIgniter\Database\BaseConnection->query('SELECT *
FROM `tb_profil`', [], false)
 2 APPPATH\Models\ProfilModel.php(14): CodeIgniter\Database\BaseBuilder->get()
 3 APPPATH\Controllers\Home.php(24): App\Models\ProfilModel->get_profil()
 4 SYSTEMPATH\CodeIgniter.php(934): App\Controllers\Home->index()
 5 SYSTEMPATH\CodeIgniter.php(499): CodeIgniter\CodeIgniter->runController(Object(App\Controllers\Home))
 6 SYSTEMPATH\CodeIgniter.php(368): CodeIgniter\CodeIgniter->handleRequest(null, Object(Config\Cache), false)
 7 FCPATH\index.php(67): CodeIgniter\CodeIgniter->run()
 8 SYSTEMPATH\Commands\Server\rewrite.php(47): require_once('FCPATH\\index.php')
INFO - 2023-02-02 23:54:08 --> Session: Class initialized using 'CodeIgniter\Session\Handlers\FileHandler' driver.
INFO - 2023-02-02 23:54:11 --> Session: Class initialized using 'CodeIgniter\Session\Handlers\FileHandler' driver.
INFO - 2023-02-02 23:54:13 --> Session: Class initialized using 'CodeIgniter\Session\Handlers\FileHandler' driver.
INFO - 2023-02-02 23:54:15 --> Session: Class initialized using 'CodeIgniter\Session\Handlers\FileHandler' driver.
INFO - 2023-02-02 23:54:55 --> Session: Class initialized using 'CodeIgniter\Session\Handlers\FileHandler' driver.
INFO - 2023-02-02 23:54:55 --> Session: Class initialized using 'CodeIgniter\Session\Handlers\FileHandler' driver.
