INFO - 2023-01-29 01:41:15 --> Session: Class initialized using 'CodeIgniter\Session\Handlers\FileHandler' driver.
INFO - 2023-01-29 01:41:22 --> Session: Class initialized using 'CodeIgniter\Session\Handlers\FileHandler' driver.
INFO - 2023-01-29 01:41:38 --> Session: Class initialized using 'CodeIgniter\Session\Handlers\FileHandler' driver.
INFO - 2023-01-29 01:41:41 --> Session: Class initialized using 'CodeIgniter\Session\Handlers\FileHandler' driver.
INFO - 2023-01-29 01:41:52 --> Session: Class initialized using 'CodeIgniter\Session\Handlers\FileHandler' driver.
INFO - 2023-01-29 01:42:14 --> Session: Class initialized using 'CodeIgniter\Session\Handlers\FileHandler' driver.
INFO - 2023-01-29 01:42:14 --> Session: Class initialized using 'CodeIgniter\Session\Handlers\FileHandler' driver.
INFO - 2023-01-29 01:44:18 --> Session: Class initialized using 'CodeIgniter\Session\Handlers\FileHandler' driver.
INFO - 2023-01-29 01:44:29 --> Session: Class initialized using 'CodeIgniter\Session\Handlers\FileHandler' driver.
INFO - 2023-01-29 01:44:29 --> Session: Class initialized using 'CodeIgniter\Session\Handlers\FileHandler' driver.
INFO - 2023-01-29 01:44:39 --> Session: Class initialized using 'CodeIgniter\Session\Handlers\FileHandler' driver.
INFO - 2023-01-29 11:01:15 --> Session: Class initialized using 'CodeIgniter\Session\Handlers\FileHandler' driver.
INFO - 2023-01-29 11:01:27 --> Session: Class initialized using 'CodeIgniter\Session\Handlers\FileHandler' driver.
INFO - 2023-01-29 11:01:33 --> Session: Class initialized using 'CodeIgniter\Session\Handlers\FileHandler' driver.
INFO - 2023-01-29 11:01:49 --> Session: Class initialized using 'CodeIgniter\Session\Handlers\FileHandler' driver.
INFO - 2023-01-29 11:01:49 --> Session: Class initialized using 'CodeIgniter\Session\Handlers\FileHandler' driver.
INFO - 2023-01-29 11:13:46 --> Session: Class initialized using 'CodeIgniter\Session\Handlers\FileHandler' driver.
CRITICAL - 2023-01-29 11:13:50 --> Cannot use object of type CodeIgniter\Database\MySQLi\Builder as array
in APPPATH/Views/layout_admin/edit_produk.php on line 29.
 1 SYSTEMPATH/View/View.php(213): include()
 2 SYSTEMPATH/View/View.php(216): CodeIgniter\View\View->CodeIgniter\View\{closure}()
 3 SYSTEMPATH/Common.php(1177): CodeIgniter\View\View->render()
 4 APPPATH/Views/layout_admin/content.php(4): view()
 5 SYSTEMPATH/View/View.php(213): include('APPPATH/Views/layout_admin/content.php')
 6 SYSTEMPATH/View/View.php(216): CodeIgniter\View\View->CodeIgniter\View\{closure}()
 7 SYSTEMPATH/Common.php(1177): CodeIgniter\View\View->render()
 8 APPPATH/Views/layout_admin/wrapper.php(4): view()
 9 SYSTEMPATH/View/View.php(213): include('APPPATH/Views/layout_admin/wrapper.php')
10 SYSTEMPATH/View/View.php(216): CodeIgniter\View\View->CodeIgniter\View\{closure}()
11 SYSTEMPATH/Common.php(1177): CodeIgniter\View\View->render()
12 APPPATH/Controllers/Admin.php(116): view()
13 SYSTEMPATH/CodeIgniter.php(934): App\Controllers\Admin->edit_produk()
14 SYSTEMPATH/CodeIgniter.php(499): CodeIgniter\CodeIgniter->runController()
15 SYSTEMPATH/CodeIgniter.php(368): CodeIgniter\CodeIgniter->handleRequest()
16 FCPATH/index.php(67): CodeIgniter\CodeIgniter->run()
17 SYSTEMPATH/Commands/Server/rewrite.php(47): require_once('FCPATH/index.php')
INFO - 2023-01-29 11:18:45 --> Session: Class initialized using 'CodeIgniter\Session\Handlers\FileHandler' driver.
ERROR - 2023-01-29 11:18:56 --> mysqli_sql_exception: Illegal parameter data types int and row for operation '=' in /home/code/Desktop/MULTI TEKNO/Weboleh-oleh/system/Database/MySQLi/Connection.php:295
Stack trace:
#0 /home/code/Desktop/MULTI TEKNO/Weboleh-oleh/system/Database/MySQLi/Connection.php(295): mysqli->query()
#1 /home/code/Desktop/MULTI TEKNO/Weboleh-oleh/system/Database/BaseConnection.php(691): CodeIgniter\Database\MySQLi\Connection->execute()
#2 /home/code/Desktop/MULTI TEKNO/Weboleh-oleh/system/Database/BaseConnection.php(605): CodeIgniter\Database\BaseConnection->simpleQuery()
#3 /home/code/Desktop/MULTI TEKNO/Weboleh-oleh/system/Database/BaseBuilder.php(1601): CodeIgniter\Database\BaseConnection->query()
#4 /home/code/Desktop/MULTI TEKNO/Weboleh-oleh/app/Models/ProdukModel.php(20): CodeIgniter\Database\BaseBuilder->get()
#5 /home/code/Desktop/MULTI TEKNO/Weboleh-oleh/app/Controllers/Admin.php(151): App\Models\ProdukModel->edit_produk()
#6 /home/code/Desktop/MULTI TEKNO/Weboleh-oleh/system/CodeIgniter.php(934): App\Controllers\Admin->ubah()
#7 /home/code/Desktop/MULTI TEKNO/Weboleh-oleh/system/CodeIgniter.php(499): CodeIgniter\CodeIgniter->runController()
#8 /home/code/Desktop/MULTI TEKNO/Weboleh-oleh/system/CodeIgniter.php(368): CodeIgniter\CodeIgniter->handleRequest()
#9 /home/code/Desktop/MULTI TEKNO/Weboleh-oleh/public/index.php(67): CodeIgniter\CodeIgniter->run()
#10 /home/code/Desktop/MULTI TEKNO/Weboleh-oleh/system/Commands/Server/rewrite.php(47): require_once('...')
#11 {main}
CRITICAL - 2023-01-29 11:18:56 --> Illegal parameter data types int and row for operation '='
in SYSTEMPATH/Database/BaseConnection.php on line 645.
 1 SYSTEMPATH/Database/BaseBuilder.php(1601): CodeIgniter\Database\BaseConnection->query()
 2 APPPATH/Models/ProdukModel.php(20): CodeIgniter\Database\BaseBuilder->get()
 3 APPPATH/Controllers/Admin.php(151): App\Models\ProdukModel->edit_produk()
 4 SYSTEMPATH/CodeIgniter.php(934): App\Controllers\Admin->ubah()
 5 SYSTEMPATH/CodeIgniter.php(499): CodeIgniter\CodeIgniter->runController()
 6 SYSTEMPATH/CodeIgniter.php(368): CodeIgniter\CodeIgniter->handleRequest()
 7 FCPATH/index.php(67): CodeIgniter\CodeIgniter->run()
 8 SYSTEMPATH/Commands/Server/rewrite.php(47): require_once('FCPATH/index.php')
INFO - 2023-01-29 11:20:37 --> Session: Class initialized using 'CodeIgniter\Session\Handlers\FileHandler' driver.
ERROR - 2023-01-29 11:20:48 --> mysqli_sql_exception: Illegal parameter data types int and row for operation '=' in /home/code/Desktop/MULTI TEKNO/Weboleh-oleh/system/Database/MySQLi/Connection.php:295
Stack trace:
#0 /home/code/Desktop/MULTI TEKNO/Weboleh-oleh/system/Database/MySQLi/Connection.php(295): mysqli->query()
#1 /home/code/Desktop/MULTI TEKNO/Weboleh-oleh/system/Database/BaseConnection.php(691): CodeIgniter\Database\MySQLi\Connection->execute()
#2 /home/code/Desktop/MULTI TEKNO/Weboleh-oleh/system/Database/BaseConnection.php(605): CodeIgniter\Database\BaseConnection->simpleQuery()
#3 /home/code/Desktop/MULTI TEKNO/Weboleh-oleh/system/Database/BaseBuilder.php(1601): CodeIgniter\Database\BaseConnection->query()
#4 /home/code/Desktop/MULTI TEKNO/Weboleh-oleh/app/Models/ProdukModel.php(20): CodeIgniter\Database\BaseBuilder->get()
#5 /home/code/Desktop/MULTI TEKNO/Weboleh-oleh/app/Controllers/Admin.php(138): App\Models\ProdukModel->edit_produk()
#6 /home/code/Desktop/MULTI TEKNO/Weboleh-oleh/system/CodeIgniter.php(934): App\Controllers\Admin->ubah()
#7 /home/code/Desktop/MULTI TEKNO/Weboleh-oleh/system/CodeIgniter.php(499): CodeIgniter\CodeIgniter->runController()
#8 /home/code/Desktop/MULTI TEKNO/Weboleh-oleh/system/CodeIgniter.php(368): CodeIgniter\CodeIgniter->handleRequest()
#9 /home/code/Desktop/MULTI TEKNO/Weboleh-oleh/public/index.php(67): CodeIgniter\CodeIgniter->run()
#10 /home/code/Desktop/MULTI TEKNO/Weboleh-oleh/system/Commands/Server/rewrite.php(47): require_once('...')
#11 {main}
CRITICAL - 2023-01-29 11:20:48 --> Illegal parameter data types int and row for operation '='
in SYSTEMPATH/Database/BaseConnection.php on line 645.
 1 SYSTEMPATH/Database/BaseBuilder.php(1601): CodeIgniter\Database\BaseConnection->query()
 2 APPPATH/Models/ProdukModel.php(20): CodeIgniter\Database\BaseBuilder->get()
 3 APPPATH/Controllers/Admin.php(138): App\Models\ProdukModel->edit_produk()
 4 SYSTEMPATH/CodeIgniter.php(934): App\Controllers\Admin->ubah()
 5 SYSTEMPATH/CodeIgniter.php(499): CodeIgniter\CodeIgniter->runController()
 6 SYSTEMPATH/CodeIgniter.php(368): CodeIgniter\CodeIgniter->handleRequest()
 7 FCPATH/index.php(67): CodeIgniter\CodeIgniter->run()
 8 SYSTEMPATH/Commands/Server/rewrite.php(47): require_once('FCPATH/index.php')
INFO - 2023-01-29 11:23:42 --> Session: Class initialized using 'CodeIgniter\Session\Handlers\FileHandler' driver.
CRITICAL - 2023-01-29 11:23:51 --> You must use the "set" method to update an entry.
in SYSTEMPATH/Database/BaseBuilder.php on line 2506.
 1 SYSTEMPATH/Database/BaseBuilder.php(2440): CodeIgniter\Database\BaseBuilder->validateUpdate()
 2 APPPATH/Models/ProdukModel.php(30): CodeIgniter\Database\BaseBuilder->update()
 3 APPPATH/Controllers/Admin.php(138): App\Models\ProdukModel->update_produk()
 4 SYSTEMPATH/CodeIgniter.php(934): App\Controllers\Admin->ubah()
 5 SYSTEMPATH/CodeIgniter.php(499): CodeIgniter\CodeIgniter->runController()
 6 SYSTEMPATH/CodeIgniter.php(368): CodeIgniter\CodeIgniter->handleRequest()
 7 FCPATH/index.php(67): CodeIgniter\CodeIgniter->run()
 8 SYSTEMPATH/Commands/Server/rewrite.php(47): require_once('FCPATH/index.php')
INFO - 2023-01-29 11:25:55 --> Session: Class initialized using 'CodeIgniter\Session\Handlers\FileHandler' driver.
CRITICAL - 2023-01-29 11:26:03 --> You must use the "set" method to update an entry.
in SYSTEMPATH/Database/BaseBuilder.php on line 2506.
 1 SYSTEMPATH/Database/BaseBuilder.php(2440): CodeIgniter\Database\BaseBuilder->validateUpdate()
 2 APPPATH/Models/ProdukModel.php(30): CodeIgniter\Database\BaseBuilder->update()
 3 APPPATH/Controllers/Admin.php(151): App\Models\ProdukModel->update_produk()
 4 SYSTEMPATH/CodeIgniter.php(934): App\Controllers\Admin->ubah()
 5 SYSTEMPATH/CodeIgniter.php(499): CodeIgniter\CodeIgniter->runController()
 6 SYSTEMPATH/CodeIgniter.php(368): CodeIgniter\CodeIgniter->handleRequest()
 7 FCPATH/index.php(67): CodeIgniter\CodeIgniter->run()
 8 SYSTEMPATH/Commands/Server/rewrite.php(47): require_once('FCPATH/index.php')
INFO - 2023-01-29 11:37:09 --> Session: Class initialized using 'CodeIgniter\Session\Handlers\FileHandler' driver.
INFO - 2023-01-29 11:37:22 --> Session: Class initialized using 'CodeIgniter\Session\Handlers\FileHandler' driver.
INFO - 2023-01-29 11:37:22 --> Session: Class initialized using 'CodeIgniter\Session\Handlers\FileHandler' driver.
INFO - 2023-01-29 11:41:10 --> Session: Class initialized using 'CodeIgniter\Session\Handlers\FileHandler' driver.
CRITICAL - 2023-01-29 11:41:20 --> You must use the "set" method to update an entry.
in SYSTEMPATH/Database/BaseBuilder.php on line 2506.
 1 SYSTEMPATH/Database/BaseBuilder.php(2440): CodeIgniter\Database\BaseBuilder->validateUpdate()
 2 APPPATH/Models/ProdukModel.php(30): CodeIgniter\Database\BaseBuilder->update()
 3 APPPATH/Controllers/Admin.php(138): App\Models\ProdukModel->update_produk()
 4 SYSTEMPATH/CodeIgniter.php(934): App\Controllers\Admin->ubah()
 5 SYSTEMPATH/CodeIgniter.php(499): CodeIgniter\CodeIgniter->runController()
 6 SYSTEMPATH/CodeIgniter.php(368): CodeIgniter\CodeIgniter->handleRequest()
 7 FCPATH/index.php(67): CodeIgniter\CodeIgniter->run()
 8 SYSTEMPATH/Commands/Server/rewrite.php(47): require_once('FCPATH/index.php')
INFO - 2023-01-29 11:44:22 --> Session: Class initialized using 'CodeIgniter\Session\Handlers\FileHandler' driver.
CRITICAL - 2023-01-29 11:44:36 --> You must use the "set" method to update an entry.
in SYSTEMPATH/Database/BaseBuilder.php on line 2506.
 1 SYSTEMPATH/Database/BaseBuilder.php(2440): CodeIgniter\Database\BaseBuilder->validateUpdate()
 2 APPPATH/Models/ProdukModel.php(30): CodeIgniter\Database\BaseBuilder->update()
 3 APPPATH/Controllers/Admin.php(151): App\Models\ProdukModel->update_produk()
 4 SYSTEMPATH/CodeIgniter.php(934): App\Controllers\Admin->ubah()
 5 SYSTEMPATH/CodeIgniter.php(499): CodeIgniter\CodeIgniter->runController()
 6 SYSTEMPATH/CodeIgniter.php(368): CodeIgniter\CodeIgniter->handleRequest()
 7 FCPATH/index.php(67): CodeIgniter\CodeIgniter->run()
 8 SYSTEMPATH/Commands/Server/rewrite.php(47): require_once('FCPATH/index.php')
INFO - 2023-01-29 11:55:12 --> Session: Class initialized using 'CodeIgniter\Session\Handlers\FileHandler' driver.
CRITICAL - 2023-01-29 11:55:21 --> Object of class App\Models\ProdukModel could not be converted to string
in APPPATH/Controllers/Admin.php on line 133.
 1 SYSTEMPATH/CodeIgniter.php(934): App\Controllers\Admin->ubah()
 2 SYSTEMPATH/CodeIgniter.php(499): CodeIgniter\CodeIgniter->runController()
 3 SYSTEMPATH/CodeIgniter.php(368): CodeIgniter\CodeIgniter->handleRequest()
 4 FCPATH/index.php(67): CodeIgniter\CodeIgniter->run()
 5 SYSTEMPATH/Commands/Server/rewrite.php(47): require_once('FCPATH/index.php')
INFO - 2023-01-29 12:04:25 --> Session: Class initialized using 'CodeIgniter\Session\Handlers\FileHandler' driver.
INFO - 2023-01-29 12:04:39 --> Session: Class initialized using 'CodeIgniter\Session\Handlers\FileHandler' driver.
INFO - 2023-01-29 12:04:39 --> Session: Class initialized using 'CodeIgniter\Session\Handlers\FileHandler' driver.
INFO - 2023-01-29 12:06:50 --> Session: Class initialized using 'CodeIgniter\Session\Handlers\FileHandler' driver.
INFO - 2023-01-29 12:06:53 --> Session: Class initialized using 'CodeIgniter\Session\Handlers\FileHandler' driver.
INFO - 2023-01-29 12:07:10 --> Session: Class initialized using 'CodeIgniter\Session\Handlers\FileHandler' driver.
INFO - 2023-01-29 12:07:18 --> Session: Class initialized using 'CodeIgniter\Session\Handlers\FileHandler' driver.
INFO - 2023-01-29 12:11:56 --> Session: Class initialized using 'CodeIgniter\Session\Handlers\FileHandler' driver.
INFO - 2023-01-29 12:13:01 --> Session: Class initialized using 'CodeIgniter\Session\Handlers\FileHandler' driver.
INFO - 2023-01-29 12:13:35 --> Session: Class initialized using 'CodeIgniter\Session\Handlers\FileHandler' driver.
INFO - 2023-01-29 12:13:59 --> Session: Class initialized using 'CodeIgniter\Session\Handlers\FileHandler' driver.
INFO - 2023-01-29 12:15:55 --> Session: Class initialized using 'CodeIgniter\Session\Handlers\FileHandler' driver.
INFO - 2023-01-29 12:16:02 --> Session: Class initialized using 'CodeIgniter\Session\Handlers\FileHandler' driver.
INFO - 2023-01-29 12:17:36 --> Session: Class initialized using 'CodeIgniter\Session\Handlers\FileHandler' driver.
INFO - 2023-01-29 12:17:48 --> Session: Class initialized using 'CodeIgniter\Session\Handlers\FileHandler' driver.
CRITICAL - 2023-01-29 12:19:09 --> Undefined variable $isi
in APPPATH/Views/layout_user/content.php on line 3.
 1 APPPATH/Views/layout_user/content.php(3): CodeIgniter\Debug\Exceptions->errorHandler()
 2 SYSTEMPATH/View/View.php(213): include('APPPATH/Views/layout_user/content.php')
 3 SYSTEMPATH/View/View.php(216): CodeIgniter\View\View->CodeIgniter\View\{closure}()
 4 SYSTEMPATH/Common.php(1177): CodeIgniter\View\View->render()
 5 APPPATH/Views/layout_user/wrapper.php(4): view()
 6 SYSTEMPATH/View/View.php(213): include('APPPATH/Views/layout_user/wrapper.php')
 7 SYSTEMPATH/View/View.php(216): CodeIgniter\View\View->CodeIgniter\View\{closure}()
 8 SYSTEMPATH/Common.php(1177): CodeIgniter\View\View->render()
 9 APPPATH/Controllers/Profil.php(13): view()
10 SYSTEMPATH/CodeIgniter.php(934): App\Controllers\Profil->profil()
11 SYSTEMPATH/CodeIgniter.php(499): CodeIgniter\CodeIgniter->runController()
12 SYSTEMPATH/CodeIgniter.php(368): CodeIgniter\CodeIgniter->handleRequest()
13 FCPATH/index.php(67): CodeIgniter\CodeIgniter->run()
14 SYSTEMPATH/Commands/Server/rewrite.php(47): require_once('FCPATH/index.php')
CRITICAL - 2023-01-29 12:20:11 --> Undefined variable $isi
in APPPATH/Views/layout_user/content.php on line 3.
 1 APPPATH/Views/layout_user/content.php(3): CodeIgniter\Debug\Exceptions->errorHandler()
 2 SYSTEMPATH/View/View.php(213): include('APPPATH/Views/layout_user/content.php')
 3 SYSTEMPATH/View/View.php(216): CodeIgniter\View\View->CodeIgniter\View\{closure}()
 4 SYSTEMPATH/Common.php(1177): CodeIgniter\View\View->render()
 5 APPPATH/Views/layout_user/wrapper.php(4): view()
 6 SYSTEMPATH/View/View.php(213): include('APPPATH/Views/layout_user/wrapper.php')
 7 SYSTEMPATH/View/View.php(216): CodeIgniter\View\View->CodeIgniter\View\{closure}()
 8 SYSTEMPATH/Common.php(1177): CodeIgniter\View\View->render()
 9 APPPATH/Controllers/Profil.php(13): view()
10 SYSTEMPATH/CodeIgniter.php(934): App\Controllers\Profil->profil()
11 SYSTEMPATH/CodeIgniter.php(499): CodeIgniter\CodeIgniter->runController()
12 SYSTEMPATH/CodeIgniter.php(368): CodeIgniter\CodeIgniter->handleRequest()
13 FCPATH/index.php(67): CodeIgniter\CodeIgniter->run()
14 SYSTEMPATH/Commands/Server/rewrite.php(47): require_once('FCPATH/index.php')
INFO - 2023-01-29 12:21:29 --> Session: Class initialized using 'CodeIgniter\Session\Handlers\FileHandler' driver.
INFO - 2023-01-29 12:23:16 --> Session: Class initialized using 'CodeIgniter\Session\Handlers\FileHandler' driver.
INFO - 2023-01-29 12:24:39 --> Session: Class initialized using 'CodeIgniter\Session\Handlers\FileHandler' driver.
INFO - 2023-01-29 12:24:49 --> Session: Class initialized using 'CodeIgniter\Session\Handlers\FileHandler' driver.
INFO - 2023-01-29 12:25:22 --> Session: Class initialized using 'CodeIgniter\Session\Handlers\FileHandler' driver.
CRITICAL - 2023-01-29 12:25:27 --> Undefined variable $validation
in APPPATH/Views/layout_admin/profil/add_profil.php on line 26.
 1 APPPATH/Views/layout_admin/profil/add_profil.php(26): CodeIgniter\Debug\Exceptions->errorHandler()
 2 SYSTEMPATH/View/View.php(213): include('APPPATH/Views/layout_admin/profil/add_profil.php')
 3 SYSTEMPATH/View/View.php(216): CodeIgniter\View\View->CodeIgniter\View\{closure}()
 4 SYSTEMPATH/Common.php(1177): CodeIgniter\View\View->render()
 5 APPPATH/Views/layout_admin/content.php(4): view()
 6 SYSTEMPATH/View/View.php(213): include('APPPATH/Views/layout_admin/content.php')
 7 SYSTEMPATH/View/View.php(216): CodeIgniter\View\View->CodeIgniter\View\{closure}()
 8 SYSTEMPATH/Common.php(1177): CodeIgniter\View\View->render()
 9 APPPATH/Views/layout_admin/wrapper.php(4): view()
10 SYSTEMPATH/View/View.php(213): include('APPPATH/Views/layout_admin/wrapper.php')
11 SYSTEMPATH/View/View.php(216): CodeIgniter\View\View->CodeIgniter\View\{closure}()
12 SYSTEMPATH/Common.php(1177): CodeIgniter\View\View->render()
13 APPPATH/Controllers/Profil.php(22): view()
14 SYSTEMPATH/CodeIgniter.php(934): App\Controllers\Profil->add_profil()
15 SYSTEMPATH/CodeIgniter.php(499): CodeIgniter\CodeIgniter->runController()
16 SYSTEMPATH/CodeIgniter.php(368): CodeIgniter\CodeIgniter->handleRequest()
17 FCPATH/index.php(67): CodeIgniter\CodeIgniter->run()
18 SYSTEMPATH/Commands/Server/rewrite.php(47): require_once('FCPATH/index.php')
