CRITICAL - 2023-01-18 19:27:28 --> The framework needs the following extension(s) installed and loaded: intl, mbstring.
in SYSTEMPATH/CodeIgniter.php on line 226.
 1 SYSTEMPATH/CodeIgniter.php(226): CodeIgniter\Exceptions\FrameworkException::forMissingExtension()
 2 SYSTEMPATH/CodeIgniter.php(190): CodeIgniter\CodeIgniter->resolvePlatformExtensions()
 3 ROOTPATH/spark(83): CodeIgniter\CodeIgniter->initialize()
CRITICAL - 2023-01-18 19:27:28 --> Uncaught Error: Call to undefined function CodeIgniter\CLI\mb_strpos() in /opt/lampp/htdocs/Weboleh-oleh/system/CLI/CLI.php:872
Stack trace:
#0 /opt/lampp/htdocs/Weboleh-oleh/system/CLI/CLI.php(161): CodeIgniter\CLI\CLI::parseCommandLine()
#1 /opt/lampp/htdocs/Weboleh-oleh/system/CLI/CLI.php(1115): CodeIgniter\CLI\CLI::init()
#2 /opt/lampp/htdocs/Weboleh-oleh/system/Autoloader/Autoloader.php(312): include_once('...')
#3 /opt/lampp/htdocs/Weboleh-oleh/system/Autoloader/Autoloader.php(289): CodeIgniter\Autoloader\Autoloader->includeFile()
#4 /opt/lampp/htdocs/Weboleh-oleh/system/Autoloader/Autoloader.php(267): CodeIgniter\Autoloader\Autoloader->loadInNamespace()
#5 /opt/lampp/htdocs/Weboleh-oleh/app/Views/errors/cli/error_exception.php(6): CodeIgniter\Autoloader\Autoloader->loadClass()
#6 /opt/lampp/htdocs/Weboleh-oleh/system/Debug/Exceptions.php(264): include('...')
#7 /opt/lampp/htdocs/Weboleh-oleh/system/Debug/Exceptions.php(267): CodeIgniter\Debug\Exceptions->CodeIgniter\Debug\{closure}()
#8 /opt/lampp/htdocs/Weboleh-oleh/system/Debug/Exceptions.php(145): CodeIgniter\Debug\Exceptions->render()
#9 [internal function]: CodeIgniter\Debug\Exceptions->exceptionHandler()
#10 {main}
  thrown
in SYSTEMPATH/CLI/CLI.php on line 872.
 1 [internal function]: CodeIgniter\Debug\Exceptions->shutdownHandler()
CRITICAL - 2023-01-18 19:31:30 --> The framework needs the following extension(s) installed and loaded: intl, mbstring.
in SYSTEMPATH/CodeIgniter.php on line 226.
 1 SYSTEMPATH/CodeIgniter.php(226): CodeIgniter\Exceptions\FrameworkException::forMissingExtension()
 2 SYSTEMPATH/CodeIgniter.php(190): CodeIgniter\CodeIgniter->resolvePlatformExtensions()
 3 ROOTPATH/spark(83): CodeIgniter\CodeIgniter->initialize()
CRITICAL - 2023-01-18 19:31:30 --> Uncaught Error: Call to undefined function CodeIgniter\CLI\mb_strpos() in /opt/lampp/htdocs/Weboleh-oleh/system/CLI/CLI.php:872
Stack trace:
#0 /opt/lampp/htdocs/Weboleh-oleh/system/CLI/CLI.php(161): CodeIgniter\CLI\CLI::parseCommandLine()
#1 /opt/lampp/htdocs/Weboleh-oleh/system/CLI/CLI.php(1115): CodeIgniter\CLI\CLI::init()
#2 /opt/lampp/htdocs/Weboleh-oleh/system/Autoloader/Autoloader.php(312): include_once('...')
#3 /opt/lampp/htdocs/Weboleh-oleh/system/Autoloader/Autoloader.php(289): CodeIgniter\Autoloader\Autoloader->includeFile()
#4 /opt/lampp/htdocs/Weboleh-oleh/system/Autoloader/Autoloader.php(267): CodeIgniter\Autoloader\Autoloader->loadInNamespace()
#5 /opt/lampp/htdocs/Weboleh-oleh/app/Views/errors/cli/error_exception.php(6): CodeIgniter\Autoloader\Autoloader->loadClass()
#6 /opt/lampp/htdocs/Weboleh-oleh/system/Debug/Exceptions.php(264): include('...')
#7 /opt/lampp/htdocs/Weboleh-oleh/system/Debug/Exceptions.php(267): CodeIgniter\Debug\Exceptions->CodeIgniter\Debug\{closure}()
#8 /opt/lampp/htdocs/Weboleh-oleh/system/Debug/Exceptions.php(145): CodeIgniter\Debug\Exceptions->render()
#9 [internal function]: CodeIgniter\Debug\Exceptions->exceptionHandler()
#10 {main}
  thrown
in SYSTEMPATH/CLI/CLI.php on line 872.
 1 [internal function]: CodeIgniter\Debug\Exceptions->shutdownHandler()
CRITICAL - 2023-01-18 19:35:34 --> The framework needs the following extension(s) installed and loaded: "mbstring".
in SYSTEMPATH/CodeIgniter.php on line 226.
 1 SYSTEMPATH/CodeIgniter.php(226): CodeIgniter\Exceptions\FrameworkException::forMissingExtension()
 2 SYSTEMPATH/CodeIgniter.php(190): CodeIgniter\CodeIgniter->resolvePlatformExtensions()
 3 ROOTPATH/spark(83): CodeIgniter\CodeIgniter->initialize()
CRITICAL - 2023-01-18 19:35:34 --> Uncaught Error: Call to undefined function CodeIgniter\CLI\mb_strpos() in /opt/lampp/htdocs/Weboleh-oleh/system/CLI/CLI.php:872
Stack trace:
#0 /opt/lampp/htdocs/Weboleh-oleh/system/CLI/CLI.php(161): CodeIgniter\CLI\CLI::parseCommandLine()
#1 /opt/lampp/htdocs/Weboleh-oleh/system/CLI/CLI.php(1115): CodeIgniter\CLI\CLI::init()
#2 /opt/lampp/htdocs/Weboleh-oleh/system/Autoloader/Autoloader.php(312): include_once('...')
#3 /opt/lampp/htdocs/Weboleh-oleh/system/Autoloader/Autoloader.php(289): CodeIgniter\Autoloader\Autoloader->includeFile()
#4 /opt/lampp/htdocs/Weboleh-oleh/system/Autoloader/Autoloader.php(267): CodeIgniter\Autoloader\Autoloader->loadInNamespace()
#5 /opt/lampp/htdocs/Weboleh-oleh/app/Views/errors/cli/error_exception.php(6): CodeIgniter\Autoloader\Autoloader->loadClass()
#6 /opt/lampp/htdocs/Weboleh-oleh/system/Debug/Exceptions.php(264): include('...')
#7 /opt/lampp/htdocs/Weboleh-oleh/system/Debug/Exceptions.php(267): CodeIgniter\Debug\Exceptions->CodeIgniter\Debug\{closure}()
#8 /opt/lampp/htdocs/Weboleh-oleh/system/Debug/Exceptions.php(145): CodeIgniter\Debug\Exceptions->render()
#9 [internal function]: CodeIgniter\Debug\Exceptions->exceptionHandler()
#10 {main}
  thrown
in SYSTEMPATH/CLI/CLI.php on line 872.
 1 [internal function]: CodeIgniter\Debug\Exceptions->shutdownHandler()
