CRITICAL - 2023-01-21 00:05:53 --> Undefined variable $buka
in APPPATH/Views/layout_admin/content.php on line 3.
 1 APPPATH/Views/layout_admin/content.php(3): CodeIgniter\Debug\Exceptions->errorHandler()
 2 SYSTEMPATH/View/View.php(213): include('APPPATH/Views/layout_admin/content.php')
 3 SYSTEMPATH/View/View.php(216): CodeIgniter\View\View->CodeIgniter\View\{closure}()
 4 SYSTEMPATH/Common.php(1177): CodeIgniter\View\View->render()
 5 APPPATH/Views/layout_admin/wrapper.php(4): view()
 6 SYSTEMPATH/View/View.php(213): include('APPPATH/Views/layout_admin/wrapper.php')
 7 SYSTEMPATH/View/View.php(216): CodeIgniter\View\View->CodeIgniter\View\{closure}()
 8 SYSTEMPATH/Common.php(1177): CodeIgniter\View\View->render()
 9 APPPATH/Controllers/Admin.php(32): view()
10 SYSTEMPATH/CodeIgniter.php(934): App\Controllers\Admin->tambah_produk()
11 SYSTEMPATH/CodeIgniter.php(499): CodeIgniter\CodeIgniter->runController()
12 SYSTEMPATH/CodeIgniter.php(368): CodeIgniter\CodeIgniter->handleRequest()
13 FCPATH/index.php(67): CodeIgniter\CodeIgniter->run()
14 SYSTEMPATH/Commands/Server/rewrite.php(47): require_once('FCPATH/index.php')
CRITICAL - 2023-01-21 00:32:34 --> Undefined variable $produkmodel
in APPPATH/Controllers/Admin.php on line 23.
 1 APPPATH/Controllers/Admin.php(23): CodeIgniter\Debug\Exceptions->errorHandler()
 2 SYSTEMPATH/CodeIgniter.php(906): App\Controllers\Admin->__construct()
 3 SYSTEMPATH/CodeIgniter.php(490): CodeIgniter\CodeIgniter->createController()
 4 SYSTEMPATH/CodeIgniter.php(368): CodeIgniter\CodeIgniter->handleRequest()
 5 FCPATH/index.php(67): CodeIgniter\CodeIgniter->run()
 6 SYSTEMPATH/Commands/Server/rewrite.php(47): require_once('FCPATH/index.php')
CRITICAL - 2023-01-21 00:33:03 --> Undefined variable $produkmodel
in APPPATH/Controllers/Admin.php on line 23.
 1 APPPATH/Controllers/Admin.php(23): CodeIgniter\Debug\Exceptions->errorHandler()
 2 SYSTEMPATH/CodeIgniter.php(906): App\Controllers\Admin->__construct()
 3 SYSTEMPATH/CodeIgniter.php(490): CodeIgniter\CodeIgniter->createController()
 4 SYSTEMPATH/CodeIgniter.php(368): CodeIgniter\CodeIgniter->handleRequest()
 5 FCPATH/index.php(67): CodeIgniter\CodeIgniter->run()
 6 SYSTEMPATH/Commands/Server/rewrite.php(47): require_once('FCPATH/index.php')
CRITICAL - 2023-01-21 00:34:19 --> Undefined variable $ProdukModel
in APPPATH/Controllers/Admin.php on line 23.
 1 APPPATH/Controllers/Admin.php(23): CodeIgniter\Debug\Exceptions->errorHandler()
 2 SYSTEMPATH/CodeIgniter.php(906): App\Controllers\Admin->__construct()
 3 SYSTEMPATH/CodeIgniter.php(490): CodeIgniter\CodeIgniter->createController()
 4 SYSTEMPATH/CodeIgniter.php(368): CodeIgniter\CodeIgniter->handleRequest()
 5 FCPATH/index.php(67): CodeIgniter\CodeIgniter->run()
 6 SYSTEMPATH/Commands/Server/rewrite.php(47): require_once('FCPATH/index.php')
CRITICAL - 2023-01-21 00:36:33 --> Undefined variable $ProdukModel
in APPPATH/Controllers/Admin.php on line 28.
 1 APPPATH/Controllers/Admin.php(28): CodeIgniter\Debug\Exceptions->errorHandler()
 2 SYSTEMPATH/CodeIgniter.php(906): App\Controllers\Admin->__construct()
 3 SYSTEMPATH/CodeIgniter.php(490): CodeIgniter\CodeIgniter->createController()
 4 SYSTEMPATH/CodeIgniter.php(368): CodeIgniter\CodeIgniter->handleRequest()
 5 FCPATH/index.php(67): CodeIgniter\CodeIgniter->run()
 6 SYSTEMPATH/Commands/Server/rewrite.php(47): require_once('FCPATH/index.php')
CRITICAL - 2023-01-21 02:10:58 --> Class "App\Models\ProdukModel" not found
in APPPATH/Controllers/Admin.php on line 14.
 1 SYSTEMPATH/CodeIgniter.php(906): App\Controllers\Admin->__construct()
 2 SYSTEMPATH/CodeIgniter.php(490): CodeIgniter\CodeIgniter->createController()
 3 SYSTEMPATH/CodeIgniter.php(368): CodeIgniter\CodeIgniter->handleRequest()
 4 FCPATH/index.php(67): CodeIgniter\CodeIgniter->run()
 5 SYSTEMPATH/Commands/Server/rewrite.php(47): require_once('FCPATH/index.php')
CRITICAL - 2023-01-21 02:11:16 --> Class "App\Models\ProdukModel" not found
in APPPATH/Controllers/Admin.php on line 14.
 1 SYSTEMPATH/CodeIgniter.php(906): App\Controllers\Admin->__construct()
 2 SYSTEMPATH/CodeIgniter.php(490): CodeIgniter\CodeIgniter->createController()
 3 SYSTEMPATH/CodeIgniter.php(368): CodeIgniter\CodeIgniter->handleRequest()
 4 FCPATH/index.php(67): CodeIgniter\CodeIgniter->run()
 5 SYSTEMPATH/Commands/Server/rewrite.php(47): require_once('FCPATH/index.php')
ERROR - 2023-01-21 02:15:10 --> Error connecting to the database: mysqli_sql_exception: No such file or directory in /home/code/Desktop/MULTI TEKNO/Weboleh-oleh/system/Database/MySQLi/Connection.php:174
Stack trace:
#0 /home/code/Desktop/MULTI TEKNO/Weboleh-oleh/system/Database/MySQLi/Connection.php(174): mysqli->real_connect()
#1 /home/code/Desktop/MULTI TEKNO/Weboleh-oleh/system/Database/BaseConnection.php(391): CodeIgniter\Database\MySQLi\Connection->connect()
#2 /home/code/Desktop/MULTI TEKNO/Weboleh-oleh/system/Database/BaseConnection.php(573): CodeIgniter\Database\BaseConnection->initialize()
#3 /home/code/Desktop/MULTI TEKNO/Weboleh-oleh/system/Database/BaseBuilder.php(1601): CodeIgniter\Database\BaseConnection->query()
#4 /home/code/Desktop/MULTI TEKNO/Weboleh-oleh/app/Models/ProdukModel.php(10): CodeIgniter\Database\BaseBuilder->get()
#5 /home/code/Desktop/MULTI TEKNO/Weboleh-oleh/app/Controllers/Admin.php(32): App\Models\ProdukModel->get_produk()
#6 /home/code/Desktop/MULTI TEKNO/Weboleh-oleh/system/CodeIgniter.php(934): App\Controllers\Admin->produk()
#7 /home/code/Desktop/MULTI TEKNO/Weboleh-oleh/system/CodeIgniter.php(499): CodeIgniter\CodeIgniter->runController()
#8 /home/code/Desktop/MULTI TEKNO/Weboleh-oleh/system/CodeIgniter.php(368): CodeIgniter\CodeIgniter->handleRequest()
#9 /home/code/Desktop/MULTI TEKNO/Weboleh-oleh/public/index.php(67): CodeIgniter\CodeIgniter->run()
#10 /home/code/Desktop/MULTI TEKNO/Weboleh-oleh/system/Commands/Server/rewrite.php(47): require_once('...')
#11 {main}

Next CodeIgniter\Database\Exceptions\DatabaseException: No such file or directory in /home/code/Desktop/MULTI TEKNO/Weboleh-oleh/system/Database/MySQLi/Connection.php:218
Stack trace:
#0 /home/code/Desktop/MULTI TEKNO/Weboleh-oleh/system/Database/BaseConnection.php(391): CodeIgniter\Database\MySQLi\Connection->connect()
#1 /home/code/Desktop/MULTI TEKNO/Weboleh-oleh/system/Database/BaseConnection.php(573): CodeIgniter\Database\BaseConnection->initialize()
#2 /home/code/Desktop/MULTI TEKNO/Weboleh-oleh/system/Database/BaseBuilder.php(1601): CodeIgniter\Database\BaseConnection->query()
#3 /home/code/Desktop/MULTI TEKNO/Weboleh-oleh/app/Models/ProdukModel.php(10): CodeIgniter\Database\BaseBuilder->get()
#4 /home/code/Desktop/MULTI TEKNO/Weboleh-oleh/app/Controllers/Admin.php(32): App\Models\ProdukModel->get_produk()
#5 /home/code/Desktop/MULTI TEKNO/Weboleh-oleh/system/CodeIgniter.php(934): App\Controllers\Admin->produk()
#6 /home/code/Desktop/MULTI TEKNO/Weboleh-oleh/system/CodeIgniter.php(499): CodeIgniter\CodeIgniter->runController()
#7 /home/code/Desktop/MULTI TEKNO/Weboleh-oleh/system/CodeIgniter.php(368): CodeIgniter\CodeIgniter->handleRequest()
#8 /home/code/Desktop/MULTI TEKNO/Weboleh-oleh/public/index.php(67): CodeIgniter\CodeIgniter->run()
#9 /home/code/Desktop/MULTI TEKNO/Weboleh-oleh/system/Commands/Server/rewrite.php(47): require_once('...')
#10 {main}
CRITICAL - 2023-01-21 02:15:10 --> Unable to connect to the database.
Main connection [MySQLi]: No such file or directory
in SYSTEMPATH/Database/BaseConnection.php on line 427.
 1 SYSTEMPATH/Database/BaseConnection.php(573): CodeIgniter\Database\BaseConnection->initialize()
 2 SYSTEMPATH/Database/BaseBuilder.php(1601): CodeIgniter\Database\BaseConnection->query()
 3 APPPATH/Models/ProdukModel.php(10): CodeIgniter\Database\BaseBuilder->get()
 4 APPPATH/Controllers/Admin.php(32): App\Models\ProdukModel->get_produk()
 5 SYSTEMPATH/CodeIgniter.php(934): App\Controllers\Admin->produk()
 6 SYSTEMPATH/CodeIgniter.php(499): CodeIgniter\CodeIgniter->runController()
 7 SYSTEMPATH/CodeIgniter.php(368): CodeIgniter\CodeIgniter->handleRequest()
 8 FCPATH/index.php(67): CodeIgniter\CodeIgniter->run()
 9 SYSTEMPATH/Commands/Server/rewrite.php(47): require_once('FCPATH/index.php')
ERROR - 2023-01-21 02:16:55 --> Error connecting to the database: mysqli_sql_exception: No such file or directory in /home/code/Desktop/MULTI TEKNO/Weboleh-oleh/system/Database/MySQLi/Connection.php:174
Stack trace:
#0 /home/code/Desktop/MULTI TEKNO/Weboleh-oleh/system/Database/MySQLi/Connection.php(174): mysqli->real_connect()
#1 /home/code/Desktop/MULTI TEKNO/Weboleh-oleh/system/Database/BaseConnection.php(391): CodeIgniter\Database\MySQLi\Connection->connect()
#2 /home/code/Desktop/MULTI TEKNO/Weboleh-oleh/system/Database/BaseConnection.php(573): CodeIgniter\Database\BaseConnection->initialize()
#3 /home/code/Desktop/MULTI TEKNO/Weboleh-oleh/system/Database/BaseBuilder.php(1601): CodeIgniter\Database\BaseConnection->query()
#4 /home/code/Desktop/MULTI TEKNO/Weboleh-oleh/app/Models/ProdukModel.php(10): CodeIgniter\Database\BaseBuilder->get()
#5 /home/code/Desktop/MULTI TEKNO/Weboleh-oleh/app/Controllers/Admin.php(32): App\Models\ProdukModel->get_produk()
#6 /home/code/Desktop/MULTI TEKNO/Weboleh-oleh/system/CodeIgniter.php(934): App\Controllers\Admin->produk()
#7 /home/code/Desktop/MULTI TEKNO/Weboleh-oleh/system/CodeIgniter.php(499): CodeIgniter\CodeIgniter->runController()
#8 /home/code/Desktop/MULTI TEKNO/Weboleh-oleh/system/CodeIgniter.php(368): CodeIgniter\CodeIgniter->handleRequest()
#9 /home/code/Desktop/MULTI TEKNO/Weboleh-oleh/public/index.php(67): CodeIgniter\CodeIgniter->run()
#10 /home/code/Desktop/MULTI TEKNO/Weboleh-oleh/system/Commands/Server/rewrite.php(47): require_once('...')
#11 {main}

Next CodeIgniter\Database\Exceptions\DatabaseException: No such file or directory in /home/code/Desktop/MULTI TEKNO/Weboleh-oleh/system/Database/MySQLi/Connection.php:218
Stack trace:
#0 /home/code/Desktop/MULTI TEKNO/Weboleh-oleh/system/Database/BaseConnection.php(391): CodeIgniter\Database\MySQLi\Connection->connect()
#1 /home/code/Desktop/MULTI TEKNO/Weboleh-oleh/system/Database/BaseConnection.php(573): CodeIgniter\Database\BaseConnection->initialize()
#2 /home/code/Desktop/MULTI TEKNO/Weboleh-oleh/system/Database/BaseBuilder.php(1601): CodeIgniter\Database\BaseConnection->query()
#3 /home/code/Desktop/MULTI TEKNO/Weboleh-oleh/app/Models/ProdukModel.php(10): CodeIgniter\Database\BaseBuilder->get()
#4 /home/code/Desktop/MULTI TEKNO/Weboleh-oleh/app/Controllers/Admin.php(32): App\Models\ProdukModel->get_produk()
#5 /home/code/Desktop/MULTI TEKNO/Weboleh-oleh/system/CodeIgniter.php(934): App\Controllers\Admin->produk()
#6 /home/code/Desktop/MULTI TEKNO/Weboleh-oleh/system/CodeIgniter.php(499): CodeIgniter\CodeIgniter->runController()
#7 /home/code/Desktop/MULTI TEKNO/Weboleh-oleh/system/CodeIgniter.php(368): CodeIgniter\CodeIgniter->handleRequest()
#8 /home/code/Desktop/MULTI TEKNO/Weboleh-oleh/public/index.php(67): CodeIgniter\CodeIgniter->run()
#9 /home/code/Desktop/MULTI TEKNO/Weboleh-oleh/system/Commands/Server/rewrite.php(47): require_once('...')
#10 {main}
CRITICAL - 2023-01-21 02:16:55 --> Unable to connect to the database.
Main connection [MySQLi]: No such file or directory
in SYSTEMPATH/Database/BaseConnection.php on line 427.
 1 SYSTEMPATH/Database/BaseConnection.php(573): CodeIgniter\Database\BaseConnection->initialize()
 2 SYSTEMPATH/Database/BaseBuilder.php(1601): CodeIgniter\Database\BaseConnection->query()
 3 APPPATH/Models/ProdukModel.php(10): CodeIgniter\Database\BaseBuilder->get()
 4 APPPATH/Controllers/Admin.php(32): App\Models\ProdukModel->get_produk()
 5 SYSTEMPATH/CodeIgniter.php(934): App\Controllers\Admin->produk()
 6 SYSTEMPATH/CodeIgniter.php(499): CodeIgniter\CodeIgniter->runController()
 7 SYSTEMPATH/CodeIgniter.php(368): CodeIgniter\CodeIgniter->handleRequest()
 8 FCPATH/index.php(67): CodeIgniter\CodeIgniter->run()
 9 SYSTEMPATH/Commands/Server/rewrite.php(47): require_once('FCPATH/index.php')
ERROR - 2023-01-21 02:18:51 --> Error connecting to the database: mysqli_sql_exception: No such file or directory in /home/code/Desktop/MULTI TEKNO/Weboleh-oleh/system/Database/MySQLi/Connection.php:174
Stack trace:
#0 /home/code/Desktop/MULTI TEKNO/Weboleh-oleh/system/Database/MySQLi/Connection.php(174): mysqli->real_connect()
#1 /home/code/Desktop/MULTI TEKNO/Weboleh-oleh/system/Database/BaseConnection.php(391): CodeIgniter\Database\MySQLi\Connection->connect()
#2 /home/code/Desktop/MULTI TEKNO/Weboleh-oleh/system/Database/BaseConnection.php(573): CodeIgniter\Database\BaseConnection->initialize()
#3 /home/code/Desktop/MULTI TEKNO/Weboleh-oleh/system/Database/BaseBuilder.php(1601): CodeIgniter\Database\BaseConnection->query()
#4 /home/code/Desktop/MULTI TEKNO/Weboleh-oleh/app/Models/ProdukModel.php(13): CodeIgniter\Database\BaseBuilder->get()
#5 /home/code/Desktop/MULTI TEKNO/Weboleh-oleh/app/Controllers/Admin.php(32): App\Models\ProdukModel->get_produk()
#6 /home/code/Desktop/MULTI TEKNO/Weboleh-oleh/system/CodeIgniter.php(934): App\Controllers\Admin->produk()
#7 /home/code/Desktop/MULTI TEKNO/Weboleh-oleh/system/CodeIgniter.php(499): CodeIgniter\CodeIgniter->runController()
#8 /home/code/Desktop/MULTI TEKNO/Weboleh-oleh/system/CodeIgniter.php(368): CodeIgniter\CodeIgniter->handleRequest()
#9 /home/code/Desktop/MULTI TEKNO/Weboleh-oleh/public/index.php(67): CodeIgniter\CodeIgniter->run()
#10 /home/code/Desktop/MULTI TEKNO/Weboleh-oleh/system/Commands/Server/rewrite.php(47): require_once('...')
#11 {main}

Next CodeIgniter\Database\Exceptions\DatabaseException: No such file or directory in /home/code/Desktop/MULTI TEKNO/Weboleh-oleh/system/Database/MySQLi/Connection.php:218
Stack trace:
#0 /home/code/Desktop/MULTI TEKNO/Weboleh-oleh/system/Database/BaseConnection.php(391): CodeIgniter\Database\MySQLi\Connection->connect()
#1 /home/code/Desktop/MULTI TEKNO/Weboleh-oleh/system/Database/BaseConnection.php(573): CodeIgniter\Database\BaseConnection->initialize()
#2 /home/code/Desktop/MULTI TEKNO/Weboleh-oleh/system/Database/BaseBuilder.php(1601): CodeIgniter\Database\BaseConnection->query()
#3 /home/code/Desktop/MULTI TEKNO/Weboleh-oleh/app/Models/ProdukModel.php(13): CodeIgniter\Database\BaseBuilder->get()
#4 /home/code/Desktop/MULTI TEKNO/Weboleh-oleh/app/Controllers/Admin.php(32): App\Models\ProdukModel->get_produk()
#5 /home/code/Desktop/MULTI TEKNO/Weboleh-oleh/system/CodeIgniter.php(934): App\Controllers\Admin->produk()
#6 /home/code/Desktop/MULTI TEKNO/Weboleh-oleh/system/CodeIgniter.php(499): CodeIgniter\CodeIgniter->runController()
#7 /home/code/Desktop/MULTI TEKNO/Weboleh-oleh/system/CodeIgniter.php(368): CodeIgniter\CodeIgniter->handleRequest()
#8 /home/code/Desktop/MULTI TEKNO/Weboleh-oleh/public/index.php(67): CodeIgniter\CodeIgniter->run()
#9 /home/code/Desktop/MULTI TEKNO/Weboleh-oleh/system/Commands/Server/rewrite.php(47): require_once('...')
#10 {main}
CRITICAL - 2023-01-21 02:18:51 --> Unable to connect to the database.
Main connection [MySQLi]: No such file or directory
in SYSTEMPATH/Database/BaseConnection.php on line 427.
 1 SYSTEMPATH/Database/BaseConnection.php(573): CodeIgniter\Database\BaseConnection->initialize()
 2 SYSTEMPATH/Database/BaseBuilder.php(1601): CodeIgniter\Database\BaseConnection->query()
 3 APPPATH/Models/ProdukModel.php(13): CodeIgniter\Database\BaseBuilder->get()
 4 APPPATH/Controllers/Admin.php(32): App\Models\ProdukModel->get_produk()
 5 SYSTEMPATH/CodeIgniter.php(934): App\Controllers\Admin->produk()
 6 SYSTEMPATH/CodeIgniter.php(499): CodeIgniter\CodeIgniter->runController()
 7 SYSTEMPATH/CodeIgniter.php(368): CodeIgniter\CodeIgniter->handleRequest()
 8 FCPATH/index.php(67): CodeIgniter\CodeIgniter->run()
 9 SYSTEMPATH/Commands/Server/rewrite.php(47): require_once('FCPATH/index.php')
ERROR - 2023-01-21 02:19:50 --> Error connecting to the database: mysqli_sql_exception: No such file or directory in /home/code/Desktop/MULTI TEKNO/Weboleh-oleh/system/Database/MySQLi/Connection.php:174
Stack trace:
#0 /home/code/Desktop/MULTI TEKNO/Weboleh-oleh/system/Database/MySQLi/Connection.php(174): mysqli->real_connect()
#1 /home/code/Desktop/MULTI TEKNO/Weboleh-oleh/system/Database/BaseConnection.php(391): CodeIgniter\Database\MySQLi\Connection->connect()
#2 /home/code/Desktop/MULTI TEKNO/Weboleh-oleh/system/Database/BaseConnection.php(573): CodeIgniter\Database\BaseConnection->initialize()
#3 /home/code/Desktop/MULTI TEKNO/Weboleh-oleh/system/Database/BaseBuilder.php(1601): CodeIgniter\Database\BaseConnection->query()
#4 /home/code/Desktop/MULTI TEKNO/Weboleh-oleh/app/Models/ProdukModel.php(13): CodeIgniter\Database\BaseBuilder->get()
#5 /home/code/Desktop/MULTI TEKNO/Weboleh-oleh/app/Controllers/Admin.php(32): App\Models\ProdukModel->get_produk()
#6 /home/code/Desktop/MULTI TEKNO/Weboleh-oleh/system/CodeIgniter.php(934): App\Controllers\Admin->produk()
#7 /home/code/Desktop/MULTI TEKNO/Weboleh-oleh/system/CodeIgniter.php(499): CodeIgniter\CodeIgniter->runController()
#8 /home/code/Desktop/MULTI TEKNO/Weboleh-oleh/system/CodeIgniter.php(368): CodeIgniter\CodeIgniter->handleRequest()
#9 /home/code/Desktop/MULTI TEKNO/Weboleh-oleh/public/index.php(67): CodeIgniter\CodeIgniter->run()
#10 /home/code/Desktop/MULTI TEKNO/Weboleh-oleh/system/Commands/Server/rewrite.php(47): require_once('...')
#11 {main}

Next CodeIgniter\Database\Exceptions\DatabaseException: No such file or directory in /home/code/Desktop/MULTI TEKNO/Weboleh-oleh/system/Database/MySQLi/Connection.php:218
Stack trace:
#0 /home/code/Desktop/MULTI TEKNO/Weboleh-oleh/system/Database/BaseConnection.php(391): CodeIgniter\Database\MySQLi\Connection->connect()
#1 /home/code/Desktop/MULTI TEKNO/Weboleh-oleh/system/Database/BaseConnection.php(573): CodeIgniter\Database\BaseConnection->initialize()
#2 /home/code/Desktop/MULTI TEKNO/Weboleh-oleh/system/Database/BaseBuilder.php(1601): CodeIgniter\Database\BaseConnection->query()
#3 /home/code/Desktop/MULTI TEKNO/Weboleh-oleh/app/Models/ProdukModel.php(13): CodeIgniter\Database\BaseBuilder->get()
#4 /home/code/Desktop/MULTI TEKNO/Weboleh-oleh/app/Controllers/Admin.php(32): App\Models\ProdukModel->get_produk()
#5 /home/code/Desktop/MULTI TEKNO/Weboleh-oleh/system/CodeIgniter.php(934): App\Controllers\Admin->produk()
#6 /home/code/Desktop/MULTI TEKNO/Weboleh-oleh/system/CodeIgniter.php(499): CodeIgniter\CodeIgniter->runController()
#7 /home/code/Desktop/MULTI TEKNO/Weboleh-oleh/system/CodeIgniter.php(368): CodeIgniter\CodeIgniter->handleRequest()
#8 /home/code/Desktop/MULTI TEKNO/Weboleh-oleh/public/index.php(67): CodeIgniter\CodeIgniter->run()
#9 /home/code/Desktop/MULTI TEKNO/Weboleh-oleh/system/Commands/Server/rewrite.php(47): require_once('...')
#10 {main}
CRITICAL - 2023-01-21 02:19:50 --> Unable to connect to the database.
Main connection [MySQLi]: No such file or directory
in SYSTEMPATH/Database/BaseConnection.php on line 427.
 1 SYSTEMPATH/Database/BaseConnection.php(573): CodeIgniter\Database\BaseConnection->initialize()
 2 SYSTEMPATH/Database/BaseBuilder.php(1601): CodeIgniter\Database\BaseConnection->query()
 3 APPPATH/Models/ProdukModel.php(13): CodeIgniter\Database\BaseBuilder->get()
 4 APPPATH/Controllers/Admin.php(32): App\Models\ProdukModel->get_produk()
 5 SYSTEMPATH/CodeIgniter.php(934): App\Controllers\Admin->produk()
 6 SYSTEMPATH/CodeIgniter.php(499): CodeIgniter\CodeIgniter->runController()
 7 SYSTEMPATH/CodeIgniter.php(368): CodeIgniter\CodeIgniter->handleRequest()
 8 FCPATH/index.php(67): CodeIgniter\CodeIgniter->run()
 9 SYSTEMPATH/Commands/Server/rewrite.php(47): require_once('FCPATH/index.php')
ERROR - 2023-01-21 02:20:55 --> Error connecting to the database: mysqli_sql_exception: No such file or directory in /home/code/Desktop/MULTI TEKNO/Weboleh-oleh/system/Database/MySQLi/Connection.php:174
Stack trace:
#0 /home/code/Desktop/MULTI TEKNO/Weboleh-oleh/system/Database/MySQLi/Connection.php(174): mysqli->real_connect()
#1 /home/code/Desktop/MULTI TEKNO/Weboleh-oleh/system/Database/BaseConnection.php(391): CodeIgniter\Database\MySQLi\Connection->connect()
#2 /home/code/Desktop/MULTI TEKNO/Weboleh-oleh/system/Database/BaseConnection.php(573): CodeIgniter\Database\BaseConnection->initialize()
#3 /home/code/Desktop/MULTI TEKNO/Weboleh-oleh/system/Database/BaseBuilder.php(1601): CodeIgniter\Database\BaseConnection->query()
#4 /home/code/Desktop/MULTI TEKNO/Weboleh-oleh/app/Models/ProdukModel.php(13): CodeIgniter\Database\BaseBuilder->get()
#5 /home/code/Desktop/MULTI TEKNO/Weboleh-oleh/app/Controllers/Admin.php(32): App\Models\ProdukModel->get_produk()
#6 /home/code/Desktop/MULTI TEKNO/Weboleh-oleh/system/CodeIgniter.php(934): App\Controllers\Admin->produk()
#7 /home/code/Desktop/MULTI TEKNO/Weboleh-oleh/system/CodeIgniter.php(499): CodeIgniter\CodeIgniter->runController()
#8 /home/code/Desktop/MULTI TEKNO/Weboleh-oleh/system/CodeIgniter.php(368): CodeIgniter\CodeIgniter->handleRequest()
#9 /home/code/Desktop/MULTI TEKNO/Weboleh-oleh/public/index.php(67): CodeIgniter\CodeIgniter->run()
#10 /home/code/Desktop/MULTI TEKNO/Weboleh-oleh/system/Commands/Server/rewrite.php(47): require_once('...')
#11 {main}

Next CodeIgniter\Database\Exceptions\DatabaseException: No such file or directory in /home/code/Desktop/MULTI TEKNO/Weboleh-oleh/system/Database/MySQLi/Connection.php:218
Stack trace:
#0 /home/code/Desktop/MULTI TEKNO/Weboleh-oleh/system/Database/BaseConnection.php(391): CodeIgniter\Database\MySQLi\Connection->connect()
#1 /home/code/Desktop/MULTI TEKNO/Weboleh-oleh/system/Database/BaseConnection.php(573): CodeIgniter\Database\BaseConnection->initialize()
#2 /home/code/Desktop/MULTI TEKNO/Weboleh-oleh/system/Database/BaseBuilder.php(1601): CodeIgniter\Database\BaseConnection->query()
#3 /home/code/Desktop/MULTI TEKNO/Weboleh-oleh/app/Models/ProdukModel.php(13): CodeIgniter\Database\BaseBuilder->get()
#4 /home/code/Desktop/MULTI TEKNO/Weboleh-oleh/app/Controllers/Admin.php(32): App\Models\ProdukModel->get_produk()
#5 /home/code/Desktop/MULTI TEKNO/Weboleh-oleh/system/CodeIgniter.php(934): App\Controllers\Admin->produk()
#6 /home/code/Desktop/MULTI TEKNO/Weboleh-oleh/system/CodeIgniter.php(499): CodeIgniter\CodeIgniter->runController()
#7 /home/code/Desktop/MULTI TEKNO/Weboleh-oleh/system/CodeIgniter.php(368): CodeIgniter\CodeIgniter->handleRequest()
#8 /home/code/Desktop/MULTI TEKNO/Weboleh-oleh/public/index.php(67): CodeIgniter\CodeIgniter->run()
#9 /home/code/Desktop/MULTI TEKNO/Weboleh-oleh/system/Commands/Server/rewrite.php(47): require_once('...')
#10 {main}
CRITICAL - 2023-01-21 02:20:55 --> Unable to connect to the database.
Main connection [MySQLi]: No such file or directory
in SYSTEMPATH/Database/BaseConnection.php on line 427.
 1 SYSTEMPATH/Database/BaseConnection.php(573): CodeIgniter\Database\BaseConnection->initialize()
 2 SYSTEMPATH/Database/BaseBuilder.php(1601): CodeIgniter\Database\BaseConnection->query()
 3 APPPATH/Models/ProdukModel.php(13): CodeIgniter\Database\BaseBuilder->get()
 4 APPPATH/Controllers/Admin.php(32): App\Models\ProdukModel->get_produk()
 5 SYSTEMPATH/CodeIgniter.php(934): App\Controllers\Admin->produk()
 6 SYSTEMPATH/CodeIgniter.php(499): CodeIgniter\CodeIgniter->runController()
 7 SYSTEMPATH/CodeIgniter.php(368): CodeIgniter\CodeIgniter->handleRequest()
 8 FCPATH/index.php(67): CodeIgniter\CodeIgniter->run()
 9 SYSTEMPATH/Commands/Server/rewrite.php(47): require_once('FCPATH/index.php')
CRITICAL - 2023-01-21 02:22:18 --> Undefined property: App\Controllers\Admin::$produkModel
in APPPATH/Controllers/Admin.php on line 32.
 1 APPPATH/Controllers/Admin.php(32): CodeIgniter\Debug\Exceptions->errorHandler()
 2 SYSTEMPATH/CodeIgniter.php(934): App\Controllers\Admin->produk()
 3 SYSTEMPATH/CodeIgniter.php(499): CodeIgniter\CodeIgniter->runController()
 4 SYSTEMPATH/CodeIgniter.php(368): CodeIgniter\CodeIgniter->handleRequest()
 5 FCPATH/index.php(67): CodeIgniter\CodeIgniter->run()
 6 SYSTEMPATH/Commands/Server/rewrite.php(47): require_once('FCPATH/index.php')
ERROR - 2023-01-21 02:22:35 --> Error connecting to the database: mysqli_sql_exception: No such file or directory in /home/code/Desktop/MULTI TEKNO/Weboleh-oleh/system/Database/MySQLi/Connection.php:174
Stack trace:
#0 /home/code/Desktop/MULTI TEKNO/Weboleh-oleh/system/Database/MySQLi/Connection.php(174): mysqli->real_connect()
#1 /home/code/Desktop/MULTI TEKNO/Weboleh-oleh/system/Database/BaseConnection.php(391): CodeIgniter\Database\MySQLi\Connection->connect()
#2 /home/code/Desktop/MULTI TEKNO/Weboleh-oleh/system/Database/BaseConnection.php(573): CodeIgniter\Database\BaseConnection->initialize()
#3 /home/code/Desktop/MULTI TEKNO/Weboleh-oleh/system/Database/BaseBuilder.php(1601): CodeIgniter\Database\BaseConnection->query()
#4 /home/code/Desktop/MULTI TEKNO/Weboleh-oleh/app/Models/ProdukModel.php(13): CodeIgniter\Database\BaseBuilder->get()
#5 /home/code/Desktop/MULTI TEKNO/Weboleh-oleh/app/Controllers/Admin.php(32): App\Models\ProdukModel->get_produk()
#6 /home/code/Desktop/MULTI TEKNO/Weboleh-oleh/system/CodeIgniter.php(934): App\Controllers\Admin->produk()
#7 /home/code/Desktop/MULTI TEKNO/Weboleh-oleh/system/CodeIgniter.php(499): CodeIgniter\CodeIgniter->runController()
#8 /home/code/Desktop/MULTI TEKNO/Weboleh-oleh/system/CodeIgniter.php(368): CodeIgniter\CodeIgniter->handleRequest()
#9 /home/code/Desktop/MULTI TEKNO/Weboleh-oleh/public/index.php(67): CodeIgniter\CodeIgniter->run()
#10 /home/code/Desktop/MULTI TEKNO/Weboleh-oleh/system/Commands/Server/rewrite.php(47): require_once('...')
#11 {main}

Next CodeIgniter\Database\Exceptions\DatabaseException: No such file or directory in /home/code/Desktop/MULTI TEKNO/Weboleh-oleh/system/Database/MySQLi/Connection.php:218
Stack trace:
#0 /home/code/Desktop/MULTI TEKNO/Weboleh-oleh/system/Database/BaseConnection.php(391): CodeIgniter\Database\MySQLi\Connection->connect()
#1 /home/code/Desktop/MULTI TEKNO/Weboleh-oleh/system/Database/BaseConnection.php(573): CodeIgniter\Database\BaseConnection->initialize()
#2 /home/code/Desktop/MULTI TEKNO/Weboleh-oleh/system/Database/BaseBuilder.php(1601): CodeIgniter\Database\BaseConnection->query()
#3 /home/code/Desktop/MULTI TEKNO/Weboleh-oleh/app/Models/ProdukModel.php(13): CodeIgniter\Database\BaseBuilder->get()
#4 /home/code/Desktop/MULTI TEKNO/Weboleh-oleh/app/Controllers/Admin.php(32): App\Models\ProdukModel->get_produk()
#5 /home/code/Desktop/MULTI TEKNO/Weboleh-oleh/system/CodeIgniter.php(934): App\Controllers\Admin->produk()
#6 /home/code/Desktop/MULTI TEKNO/Weboleh-oleh/system/CodeIgniter.php(499): CodeIgniter\CodeIgniter->runController()
#7 /home/code/Desktop/MULTI TEKNO/Weboleh-oleh/system/CodeIgniter.php(368): CodeIgniter\CodeIgniter->handleRequest()
#8 /home/code/Desktop/MULTI TEKNO/Weboleh-oleh/public/index.php(67): CodeIgniter\CodeIgniter->run()
#9 /home/code/Desktop/MULTI TEKNO/Weboleh-oleh/system/Commands/Server/rewrite.php(47): require_once('...')
#10 {main}
CRITICAL - 2023-01-21 02:22:35 --> Unable to connect to the database.
Main connection [MySQLi]: No such file or directory
in SYSTEMPATH/Database/BaseConnection.php on line 427.
 1 SYSTEMPATH/Database/BaseConnection.php(573): CodeIgniter\Database\BaseConnection->initialize()
 2 SYSTEMPATH/Database/BaseBuilder.php(1601): CodeIgniter\Database\BaseConnection->query()
 3 APPPATH/Models/ProdukModel.php(13): CodeIgniter\Database\BaseBuilder->get()
 4 APPPATH/Controllers/Admin.php(32): App\Models\ProdukModel->get_produk()
 5 SYSTEMPATH/CodeIgniter.php(934): App\Controllers\Admin->produk()
 6 SYSTEMPATH/CodeIgniter.php(499): CodeIgniter\CodeIgniter->runController()
 7 SYSTEMPATH/CodeIgniter.php(368): CodeIgniter\CodeIgniter->handleRequest()
 8 FCPATH/index.php(67): CodeIgniter\CodeIgniter->run()
 9 SYSTEMPATH/Commands/Server/rewrite.php(47): require_once('FCPATH/index.php')
ERROR - 2023-01-21 02:26:02 --> Error connecting to the database: mysqli_sql_exception: No such file or directory in /home/code/Desktop/MULTI TEKNO/Weboleh-oleh/system/Database/MySQLi/Connection.php:174
Stack trace:
#0 /home/code/Desktop/MULTI TEKNO/Weboleh-oleh/system/Database/MySQLi/Connection.php(174): mysqli->real_connect()
#1 /home/code/Desktop/MULTI TEKNO/Weboleh-oleh/system/Database/BaseConnection.php(391): CodeIgniter\Database\MySQLi\Connection->connect()
#2 /home/code/Desktop/MULTI TEKNO/Weboleh-oleh/system/Database/BaseConnection.php(573): CodeIgniter\Database\BaseConnection->initialize()
#3 /home/code/Desktop/MULTI TEKNO/Weboleh-oleh/system/Database/BaseBuilder.php(1601): CodeIgniter\Database\BaseConnection->query()
#4 /home/code/Desktop/MULTI TEKNO/Weboleh-oleh/app/Models/ProdukModel.php(13): CodeIgniter\Database\BaseBuilder->get()
#5 /home/code/Desktop/MULTI TEKNO/Weboleh-oleh/app/Controllers/Admin.php(32): App\Models\ProdukModel->get_produk()
#6 /home/code/Desktop/MULTI TEKNO/Weboleh-oleh/system/CodeIgniter.php(934): App\Controllers\Admin->produk()
#7 /home/code/Desktop/MULTI TEKNO/Weboleh-oleh/system/CodeIgniter.php(499): CodeIgniter\CodeIgniter->runController()
#8 /home/code/Desktop/MULTI TEKNO/Weboleh-oleh/system/CodeIgniter.php(368): CodeIgniter\CodeIgniter->handleRequest()
#9 /home/code/Desktop/MULTI TEKNO/Weboleh-oleh/public/index.php(67): CodeIgniter\CodeIgniter->run()
#10 /home/code/Desktop/MULTI TEKNO/Weboleh-oleh/system/Commands/Server/rewrite.php(47): require_once('...')
#11 {main}

Next CodeIgniter\Database\Exceptions\DatabaseException: No such file or directory in /home/code/Desktop/MULTI TEKNO/Weboleh-oleh/system/Database/MySQLi/Connection.php:218
Stack trace:
#0 /home/code/Desktop/MULTI TEKNO/Weboleh-oleh/system/Database/BaseConnection.php(391): CodeIgniter\Database\MySQLi\Connection->connect()
#1 /home/code/Desktop/MULTI TEKNO/Weboleh-oleh/system/Database/BaseConnection.php(573): CodeIgniter\Database\BaseConnection->initialize()
#2 /home/code/Desktop/MULTI TEKNO/Weboleh-oleh/system/Database/BaseBuilder.php(1601): CodeIgniter\Database\BaseConnection->query()
#3 /home/code/Desktop/MULTI TEKNO/Weboleh-oleh/app/Models/ProdukModel.php(13): CodeIgniter\Database\BaseBuilder->get()
#4 /home/code/Desktop/MULTI TEKNO/Weboleh-oleh/app/Controllers/Admin.php(32): App\Models\ProdukModel->get_produk()
#5 /home/code/Desktop/MULTI TEKNO/Weboleh-oleh/system/CodeIgniter.php(934): App\Controllers\Admin->produk()
#6 /home/code/Desktop/MULTI TEKNO/Weboleh-oleh/system/CodeIgniter.php(499): CodeIgniter\CodeIgniter->runController()
#7 /home/code/Desktop/MULTI TEKNO/Weboleh-oleh/system/CodeIgniter.php(368): CodeIgniter\CodeIgniter->handleRequest()
#8 /home/code/Desktop/MULTI TEKNO/Weboleh-oleh/public/index.php(67): CodeIgniter\CodeIgniter->run()
#9 /home/code/Desktop/MULTI TEKNO/Weboleh-oleh/system/Commands/Server/rewrite.php(47): require_once('...')
#10 {main}
CRITICAL - 2023-01-21 02:26:02 --> Unable to connect to the database.
Main connection [MySQLi]: No such file or directory
in SYSTEMPATH/Database/BaseConnection.php on line 427.
 1 SYSTEMPATH/Database/BaseConnection.php(573): CodeIgniter\Database\BaseConnection->initialize()
 2 SYSTEMPATH/Database/BaseBuilder.php(1601): CodeIgniter\Database\BaseConnection->query()
 3 APPPATH/Models/ProdukModel.php(13): CodeIgniter\Database\BaseBuilder->get()
 4 APPPATH/Controllers/Admin.php(32): App\Models\ProdukModel->get_produk()
 5 SYSTEMPATH/CodeIgniter.php(934): App\Controllers\Admin->produk()
 6 SYSTEMPATH/CodeIgniter.php(499): CodeIgniter\CodeIgniter->runController()
 7 SYSTEMPATH/CodeIgniter.php(368): CodeIgniter\CodeIgniter->handleRequest()
 8 FCPATH/index.php(67): CodeIgniter\CodeIgniter->run()
 9 SYSTEMPATH/Commands/Server/rewrite.php(47): require_once('FCPATH/index.php')
ERROR - 2023-01-21 02:26:04 --> Error connecting to the database: mysqli_sql_exception: No such file or directory in /home/code/Desktop/MULTI TEKNO/Weboleh-oleh/system/Database/MySQLi/Connection.php:174
Stack trace:
#0 /home/code/Desktop/MULTI TEKNO/Weboleh-oleh/system/Database/MySQLi/Connection.php(174): mysqli->real_connect()
#1 /home/code/Desktop/MULTI TEKNO/Weboleh-oleh/system/Database/BaseConnection.php(391): CodeIgniter\Database\MySQLi\Connection->connect()
#2 /home/code/Desktop/MULTI TEKNO/Weboleh-oleh/system/Database/BaseConnection.php(573): CodeIgniter\Database\BaseConnection->initialize()
#3 /home/code/Desktop/MULTI TEKNO/Weboleh-oleh/system/Database/BaseBuilder.php(1601): CodeIgniter\Database\BaseConnection->query()
#4 /home/code/Desktop/MULTI TEKNO/Weboleh-oleh/app/Models/ProdukModel.php(13): CodeIgniter\Database\BaseBuilder->get()
#5 /home/code/Desktop/MULTI TEKNO/Weboleh-oleh/app/Controllers/Admin.php(32): App\Models\ProdukModel->get_produk()
#6 /home/code/Desktop/MULTI TEKNO/Weboleh-oleh/system/CodeIgniter.php(934): App\Controllers\Admin->produk()
#7 /home/code/Desktop/MULTI TEKNO/Weboleh-oleh/system/CodeIgniter.php(499): CodeIgniter\CodeIgniter->runController()
#8 /home/code/Desktop/MULTI TEKNO/Weboleh-oleh/system/CodeIgniter.php(368): CodeIgniter\CodeIgniter->handleRequest()
#9 /home/code/Desktop/MULTI TEKNO/Weboleh-oleh/public/index.php(67): CodeIgniter\CodeIgniter->run()
#10 /home/code/Desktop/MULTI TEKNO/Weboleh-oleh/system/Commands/Server/rewrite.php(47): require_once('...')
#11 {main}

Next CodeIgniter\Database\Exceptions\DatabaseException: No such file or directory in /home/code/Desktop/MULTI TEKNO/Weboleh-oleh/system/Database/MySQLi/Connection.php:218
Stack trace:
#0 /home/code/Desktop/MULTI TEKNO/Weboleh-oleh/system/Database/BaseConnection.php(391): CodeIgniter\Database\MySQLi\Connection->connect()
#1 /home/code/Desktop/MULTI TEKNO/Weboleh-oleh/system/Database/BaseConnection.php(573): CodeIgniter\Database\BaseConnection->initialize()
#2 /home/code/Desktop/MULTI TEKNO/Weboleh-oleh/system/Database/BaseBuilder.php(1601): CodeIgniter\Database\BaseConnection->query()
#3 /home/code/Desktop/MULTI TEKNO/Weboleh-oleh/app/Models/ProdukModel.php(13): CodeIgniter\Database\BaseBuilder->get()
#4 /home/code/Desktop/MULTI TEKNO/Weboleh-oleh/app/Controllers/Admin.php(32): App\Models\ProdukModel->get_produk()
#5 /home/code/Desktop/MULTI TEKNO/Weboleh-oleh/system/CodeIgniter.php(934): App\Controllers\Admin->produk()
#6 /home/code/Desktop/MULTI TEKNO/Weboleh-oleh/system/CodeIgniter.php(499): CodeIgniter\CodeIgniter->runController()
#7 /home/code/Desktop/MULTI TEKNO/Weboleh-oleh/system/CodeIgniter.php(368): CodeIgniter\CodeIgniter->handleRequest()
#8 /home/code/Desktop/MULTI TEKNO/Weboleh-oleh/public/index.php(67): CodeIgniter\CodeIgniter->run()
#9 /home/code/Desktop/MULTI TEKNO/Weboleh-oleh/system/Commands/Server/rewrite.php(47): require_once('...')
#10 {main}
CRITICAL - 2023-01-21 02:26:04 --> Unable to connect to the database.
Main connection [MySQLi]: No such file or directory
in SYSTEMPATH/Database/BaseConnection.php on line 427.
 1 SYSTEMPATH/Database/BaseConnection.php(573): CodeIgniter\Database\BaseConnection->initialize()
 2 SYSTEMPATH/Database/BaseBuilder.php(1601): CodeIgniter\Database\BaseConnection->query()
 3 APPPATH/Models/ProdukModel.php(13): CodeIgniter\Database\BaseBuilder->get()
 4 APPPATH/Controllers/Admin.php(32): App\Models\ProdukModel->get_produk()
 5 SYSTEMPATH/CodeIgniter.php(934): App\Controllers\Admin->produk()
 6 SYSTEMPATH/CodeIgniter.php(499): CodeIgniter\CodeIgniter->runController()
 7 SYSTEMPATH/CodeIgniter.php(368): CodeIgniter\CodeIgniter->handleRequest()
 8 FCPATH/index.php(67): CodeIgniter\CodeIgniter->run()
 9 SYSTEMPATH/Commands/Server/rewrite.php(47): require_once('FCPATH/index.php')
ERROR - 2023-01-21 02:33:13 --> Error connecting to the database: mysqli_sql_exception: No such file or directory in /home/code/Desktop/MULTI TEKNO/Weboleh-oleh/system/Database/MySQLi/Connection.php:174
Stack trace:
#0 /home/code/Desktop/MULTI TEKNO/Weboleh-oleh/system/Database/MySQLi/Connection.php(174): mysqli->real_connect()
#1 /home/code/Desktop/MULTI TEKNO/Weboleh-oleh/system/Database/BaseConnection.php(391): CodeIgniter\Database\MySQLi\Connection->connect()
#2 /home/code/Desktop/MULTI TEKNO/Weboleh-oleh/system/Database/BaseConnection.php(573): CodeIgniter\Database\BaseConnection->initialize()
#3 /home/code/Desktop/MULTI TEKNO/Weboleh-oleh/system/Database/BaseBuilder.php(1601): CodeIgniter\Database\BaseConnection->query()
#4 /home/code/Desktop/MULTI TEKNO/Weboleh-oleh/app/Models/ProdukModel.php(13): CodeIgniter\Database\BaseBuilder->get()
#5 /home/code/Desktop/MULTI TEKNO/Weboleh-oleh/app/Controllers/Admin.php(32): App\Models\ProdukModel->get_produk()
#6 /home/code/Desktop/MULTI TEKNO/Weboleh-oleh/system/CodeIgniter.php(934): App\Controllers\Admin->produk()
#7 /home/code/Desktop/MULTI TEKNO/Weboleh-oleh/system/CodeIgniter.php(499): CodeIgniter\CodeIgniter->runController()
#8 /home/code/Desktop/MULTI TEKNO/Weboleh-oleh/system/CodeIgniter.php(368): CodeIgniter\CodeIgniter->handleRequest()
#9 /home/code/Desktop/MULTI TEKNO/Weboleh-oleh/public/index.php(67): CodeIgniter\CodeIgniter->run()
#10 /home/code/Desktop/MULTI TEKNO/Weboleh-oleh/system/Commands/Server/rewrite.php(47): require_once('...')
#11 {main}

Next CodeIgniter\Database\Exceptions\DatabaseException: No such file or directory in /home/code/Desktop/MULTI TEKNO/Weboleh-oleh/system/Database/MySQLi/Connection.php:218
Stack trace:
#0 /home/code/Desktop/MULTI TEKNO/Weboleh-oleh/system/Database/BaseConnection.php(391): CodeIgniter\Database\MySQLi\Connection->connect()
#1 /home/code/Desktop/MULTI TEKNO/Weboleh-oleh/system/Database/BaseConnection.php(573): CodeIgniter\Database\BaseConnection->initialize()
#2 /home/code/Desktop/MULTI TEKNO/Weboleh-oleh/system/Database/BaseBuilder.php(1601): CodeIgniter\Database\BaseConnection->query()
#3 /home/code/Desktop/MULTI TEKNO/Weboleh-oleh/app/Models/ProdukModel.php(13): CodeIgniter\Database\BaseBuilder->get()
#4 /home/code/Desktop/MULTI TEKNO/Weboleh-oleh/app/Controllers/Admin.php(32): App\Models\ProdukModel->get_produk()
#5 /home/code/Desktop/MULTI TEKNO/Weboleh-oleh/system/CodeIgniter.php(934): App\Controllers\Admin->produk()
#6 /home/code/Desktop/MULTI TEKNO/Weboleh-oleh/system/CodeIgniter.php(499): CodeIgniter\CodeIgniter->runController()
#7 /home/code/Desktop/MULTI TEKNO/Weboleh-oleh/system/CodeIgniter.php(368): CodeIgniter\CodeIgniter->handleRequest()
#8 /home/code/Desktop/MULTI TEKNO/Weboleh-oleh/public/index.php(67): CodeIgniter\CodeIgniter->run()
#9 /home/code/Desktop/MULTI TEKNO/Weboleh-oleh/system/Commands/Server/rewrite.php(47): require_once('...')
#10 {main}
CRITICAL - 2023-01-21 02:33:13 --> Unable to connect to the database.
Main connection [MySQLi]: No such file or directory
in SYSTEMPATH/Database/BaseConnection.php on line 427.
 1 SYSTEMPATH/Database/BaseConnection.php(573): CodeIgniter\Database\BaseConnection->initialize()
 2 SYSTEMPATH/Database/BaseBuilder.php(1601): CodeIgniter\Database\BaseConnection->query()
 3 APPPATH/Models/ProdukModel.php(13): CodeIgniter\Database\BaseBuilder->get()
 4 APPPATH/Controllers/Admin.php(32): App\Models\ProdukModel->get_produk()
 5 SYSTEMPATH/CodeIgniter.php(934): App\Controllers\Admin->produk()
 6 SYSTEMPATH/CodeIgniter.php(499): CodeIgniter\CodeIgniter->runController()
 7 SYSTEMPATH/CodeIgniter.php(368): CodeIgniter\CodeIgniter->handleRequest()
 8 FCPATH/index.php(67): CodeIgniter\CodeIgniter->run()
 9 SYSTEMPATH/Commands/Server/rewrite.php(47): require_once('FCPATH/index.php')
CRITICAL - 2023-01-21 02:56:00 --> Undefined array key "stock_produk"
in APPPATH/Views/layout_admin/produk.php on line 52.
 1 APPPATH/Views/layout_admin/produk.php(52): CodeIgniter\Debug\Exceptions->errorHandler()
 2 SYSTEMPATH/View/View.php(213): include('APPPATH/Views/layout_admin/produk.php')
 3 SYSTEMPATH/View/View.php(216): CodeIgniter\View\View->CodeIgniter\View\{closure}()
 4 SYSTEMPATH/Common.php(1177): CodeIgniter\View\View->render()
 5 APPPATH/Views/layout_admin/content.php(4): view()
 6 SYSTEMPATH/View/View.php(213): include('APPPATH/Views/layout_admin/content.php')
 7 SYSTEMPATH/View/View.php(216): CodeIgniter\View\View->CodeIgniter\View\{closure}()
 8 SYSTEMPATH/Common.php(1177): CodeIgniter\View\View->render()
 9 APPPATH/Views/layout_admin/wrapper.php(4): view()
10 SYSTEMPATH/View/View.php(213): include('APPPATH/Views/layout_admin/wrapper.php')
11 SYSTEMPATH/View/View.php(216): CodeIgniter\View\View->CodeIgniter\View\{closure}()
12 SYSTEMPATH/Common.php(1177): CodeIgniter\View\View->render()
13 APPPATH/Controllers/Admin.php(35): view()
14 SYSTEMPATH/CodeIgniter.php(934): App\Controllers\Admin->produk()
15 SYSTEMPATH/CodeIgniter.php(499): CodeIgniter\CodeIgniter->runController()
16 SYSTEMPATH/CodeIgniter.php(368): CodeIgniter\CodeIgniter->handleRequest()
17 FCPATH/index.php(67): CodeIgniter\CodeIgniter->run()
18 SYSTEMPATH/Commands/Server/rewrite.php(47): require_once('FCPATH/index.php')
CRITICAL - 2023-01-21 02:57:48 --> Undefined array key "Gambar"
in APPPATH/Views/layout_admin/produk.php on line 54.
 1 APPPATH/Views/layout_admin/produk.php(54): CodeIgniter\Debug\Exceptions->errorHandler()
 2 SYSTEMPATH/View/View.php(213): include('APPPATH/Views/layout_admin/produk.php')
 3 SYSTEMPATH/View/View.php(216): CodeIgniter\View\View->CodeIgniter\View\{closure}()
 4 SYSTEMPATH/Common.php(1177): CodeIgniter\View\View->render()
 5 APPPATH/Views/layout_admin/content.php(4): view()
 6 SYSTEMPATH/View/View.php(213): include('APPPATH/Views/layout_admin/content.php')
 7 SYSTEMPATH/View/View.php(216): CodeIgniter\View\View->CodeIgniter\View\{closure}()
 8 SYSTEMPATH/Common.php(1177): CodeIgniter\View\View->render()
 9 APPPATH/Views/layout_admin/wrapper.php(4): view()
10 SYSTEMPATH/View/View.php(213): include('APPPATH/Views/layout_admin/wrapper.php')
11 SYSTEMPATH/View/View.php(216): CodeIgniter\View\View->CodeIgniter\View\{closure}()
12 SYSTEMPATH/Common.php(1177): CodeIgniter\View\View->render()
13 APPPATH/Controllers/Admin.php(35): view()
14 SYSTEMPATH/CodeIgniter.php(934): App\Controllers\Admin->produk()
15 SYSTEMPATH/CodeIgniter.php(499): CodeIgniter\CodeIgniter->runController()
16 SYSTEMPATH/CodeIgniter.php(368): CodeIgniter\CodeIgniter->handleRequest()
17 FCPATH/index.php(67): CodeIgniter\CodeIgniter->run()
18 SYSTEMPATH/Commands/Server/rewrite.php(47): require_once('FCPATH/index.php')
